CRITICAL - 2022-02-15 11:07:02 --> Undefined array key "msat_id "
#0 D:\xampp\htdocs\eRanjen\app\Views\view_satker.php(30): CodeIgniter\Debug\Exceptions->errorHandler(2, 'Undefined array...', 'D:\\xampp\\htdocs...', 30)
#1 D:\xampp\htdocs\eRanjen\system\View\View.php(210): include('D:\\xampp\\htdocs...')
#2 D:\xampp\htdocs\eRanjen\system\View\View.php(213): CodeIgniter\View\View->CodeIgniter\View\{closure}()
#3 D:\xampp\htdocs\eRanjen\system\Common.php(1089): CodeIgniter\View\View->render('view_satker', Array, true)
#4 D:\xampp\htdocs\eRanjen\app\Controllers\Satker.php(15): view('view_satker', Array)
#5 D:\xampp\htdocs\eRanjen\system\CodeIgniter.php(825): App\Controllers\Satker->index()
#6 D:\xampp\htdocs\eRanjen\system\CodeIgniter.php(412): CodeIgniter\CodeIgniter->runController(Object(App\Controllers\Satker))
#7 D:\xampp\htdocs\eRanjen\system\CodeIgniter.php(320): CodeIgniter\CodeIgniter->handleRequest(NULL, Object(Config\Cache), false)
#8 D:\xampp\htdocs\eRanjen\public\index.php(37): CodeIgniter\CodeIgniter->run()
#9 D:\xampp\htdocs\eRanjen\system\Commands\Server\rewrite.php(43): require_once('D:\\xampp\\htdocs...')
#10 {main}
ERROR - 2022-02-15 12:11:52 --> Operand should contain 1 column(s)
ERROR - 2022-02-15 12:17:35 --> Operand should contain 1 column(s)
CRITICAL - 2022-02-15 14:12:10 --> syntax error, unexpected single-quoted string "toolbar", expecting "]"
#0 D:\xampp\htdocs\eRanjen\system\Autoloader\Autoloader.php(241): CodeIgniter\Autoloader\Autoloader->includeFile('D:\\xampp\\htdocs...')
#1 D:\xampp\htdocs\eRanjen\system\Autoloader\Autoloader.php(219): CodeIgniter\Autoloader\Autoloader->loadInNamespace('Config\\Filters')
#2 [internal function]: CodeIgniter\Autoloader\Autoloader->loadClass('Config\\Filters')
#3 D:\xampp\htdocs\eRanjen\system\Config\Factories.php(136): class_exists('Config\\Filters')
#4 D:\xampp\htdocs\eRanjen\system\Config\Factories.php(106): CodeIgniter\Config\Factories::locateClass(Array, 'Filters')
#5 D:\xampp\htdocs\eRanjen\system\Common.php(198): CodeIgniter\Config\Factories::__callStatic('config', Array)
#6 D:\xampp\htdocs\eRanjen\system\Config\Services.php(258): config('Filters')
#7 D:\xampp\htdocs\eRanjen\system\Config\BaseService.php(248): CodeIgniter\Config\Services::filters(NULL, false)
#8 D:\xampp\htdocs\eRanjen\system\Config\BaseService.php(189): CodeIgniter\Config\BaseService::__callStatic('filters', Array)
#9 D:\xampp\htdocs\eRanjen\system\Config\Services.php(255): CodeIgniter\Config\BaseService::getSharedInstance('filters', NULL)
#10 D:\xampp\htdocs\eRanjen\system\Config\BaseService.php(248): CodeIgniter\Config\Services::filters()
#11 D:\xampp\htdocs\eRanjen\system\CodeIgniter.php(366): CodeIgniter\Config\BaseService::__callStatic('filters', Array)
#12 D:\xampp\htdocs\eRanjen\system\CodeIgniter.php(320): CodeIgniter\CodeIgniter->handleRequest(NULL, Object(Config\Cache), false)
#13 D:\xampp\htdocs\eRanjen\public\index.php(37): CodeIgniter\CodeIgniter->run()
#14 D:\xampp\htdocs\eRanjen\system\Commands\Server\rewrite.php(43): require_once('D:\\xampp\\htdocs...')
#15 {main}
ERROR - 2022-02-15 14:20:38 --> Operand should contain 1 column(s)
ERROR - 2022-02-15 14:21:52 --> Operand should contain 1 column(s)
CRITICAL - 2022-02-15 14:31:52 --> Cannot use object of type stdClass as array
#0 D:\xampp\htdocs\eRanjen\system\View\View.php(210): include()
#1 D:\xampp\htdocs\eRanjen\system\View\View.php(213): CodeIgniter\View\View->CodeIgniter\View\{closure}()
#2 D:\xampp\htdocs\eRanjen\system\Common.php(1089): CodeIgniter\View\View->render('view_user', Array, true)
#3 D:\xampp\htdocs\eRanjen\app\Controllers\User.php(19): view('view_user', Array)
#4 D:\xampp\htdocs\eRanjen\system\CodeIgniter.php(825): App\Controllers\User->index()
#5 D:\xampp\htdocs\eRanjen\system\CodeIgniter.php(412): CodeIgniter\CodeIgniter->runController(Object(App\Controllers\User))
#6 D:\xampp\htdocs\eRanjen\system\CodeIgniter.php(320): CodeIgniter\CodeIgniter->handleRequest(NULL, Object(Config\Cache), false)
#7 D:\xampp\htdocs\eRanjen\public\index.php(37): CodeIgniter\CodeIgniter->run()
#8 D:\xampp\htdocs\eRanjen\system\Commands\Server\rewrite.php(43): require_once('D:\\xampp\\htdocs...')
#9 {main}
CRITICAL - 2022-02-15 14:33:50 --> Cannot use object of type stdClass as array
#0 D:\xampp\htdocs\eRanjen\system\View\View.php(210): include()
#1 D:\xampp\htdocs\eRanjen\system\View\View.php(213): CodeIgniter\View\View->CodeIgniter\View\{closure}()
#2 D:\xampp\htdocs\eRanjen\system\Common.php(1089): CodeIgniter\View\View->render('view_user', Array, true)
#3 D:\xampp\htdocs\eRanjen\app\Controllers\User.php(19): view('view_user', Array)
#4 D:\xampp\htdocs\eRanjen\system\CodeIgniter.php(825): App\Controllers\User->index()
#5 D:\xampp\htdocs\eRanjen\system\CodeIgniter.php(412): CodeIgniter\CodeIgniter->runController(Object(App\Controllers\User))
#6 D:\xampp\htdocs\eRanjen\system\CodeIgniter.php(320): CodeIgniter\CodeIgniter->handleRequest(NULL, Object(Config\Cache), false)
#7 D:\xampp\htdocs\eRanjen\public\index.php(37): CodeIgniter\CodeIgniter->run()
#8 D:\xampp\htdocs\eRanjen\system\Commands\Server\rewrite.php(43): require_once('D:\\xampp\\htdocs...')
#9 {main}
CRITICAL - 2022-02-15 14:33:53 --> Cannot use object of type stdClass as array
#0 D:\xampp\htdocs\eRanjen\system\View\View.php(210): include()
#1 D:\xampp\htdocs\eRanjen\system\View\View.php(213): CodeIgniter\View\View->CodeIgniter\View\{closure}()
#2 D:\xampp\htdocs\eRanjen\system\Common.php(1089): CodeIgniter\View\View->render('view_user', Array, true)
#3 D:\xampp\htdocs\eRanjen\app\Controllers\User.php(19): view('view_user', Array)
#4 D:\xampp\htdocs\eRanjen\system\CodeIgniter.php(825): App\Controllers\User->index()
#5 D:\xampp\htdocs\eRanjen\system\CodeIgniter.php(412): CodeIgniter\CodeIgniter->runController(Object(App\Controllers\User))
#6 D:\xampp\htdocs\eRanjen\system\CodeIgniter.php(320): CodeIgniter\CodeIgniter->handleRequest(NULL, Object(Config\Cache), false)
#7 D:\xampp\htdocs\eRanjen\public\index.php(37): CodeIgniter\CodeIgniter->run()
#8 D:\xampp\htdocs\eRanjen\system\Commands\Server\rewrite.php(43): require_once('D:\\xampp\\htdocs...')
#9 {main}
CRITICAL - 2022-02-15 14:37:20 --> Cannot use object of type stdClass as array
#0 D:\xampp\htdocs\eRanjen\system\View\View.php(210): include()
#1 D:\xampp\htdocs\eRanjen\system\View\View.php(213): CodeIgniter\View\View->CodeIgniter\View\{closure}()
#2 D:\xampp\htdocs\eRanjen\system\Common.php(1089): CodeIgniter\View\View->render('view_user', Array, true)
#3 D:\xampp\htdocs\eRanjen\app\Controllers\User.php(19): view('view_user', Array)
#4 D:\xampp\htdocs\eRanjen\system\CodeIgniter.php(825): App\Controllers\User->index()
#5 D:\xampp\htdocs\eRanjen\system\CodeIgniter.php(412): CodeIgniter\CodeIgniter->runController(Object(App\Controllers\User))
#6 D:\xampp\htdocs\eRanjen\system\CodeIgniter.php(320): CodeIgniter\CodeIgniter->handleRequest(NULL, Object(Config\Cache), false)
#7 D:\xampp\htdocs\eRanjen\public\index.php(37): CodeIgniter\CodeIgniter->run()
#8 D:\xampp\htdocs\eRanjen\system\Commands\Server\rewrite.php(43): require_once('D:\\xampp\\htdocs...')
#9 {main}
ERROR - 2022-02-15 14:50:48 --> Operand should contain 1 column(s)
ERROR - 2022-02-15 14:51:00 --> Operand should contain 1 column(s)
