CRITICAL - 2022-03-28 13:15:03 --> Undefined array key "kartu_tipe"
#0 D:\xampp\htdocs\eRanjen\app\Controllers\LaporanTahunan.php(124): CodeIgniter\Debug\Exceptions->errorHandler(2, 'Undefined array...', 'D:\\xampp\\htdocs...', 124)
#1 D:\xampp\htdocs\eRanjen\system\CodeIgniter.php(825): App\Controllers\LaporanTahunan->export()
#2 D:\xampp\htdocs\eRanjen\system\CodeIgniter.php(412): CodeIgniter\CodeIgniter->runController(Object(App\Controllers\LaporanTahunan))
#3 D:\xampp\htdocs\eRanjen\system\CodeIgniter.php(320): CodeIgniter\CodeIgniter->handleRequest(NULL, Object(Config\Cache), false)
#4 D:\xampp\htdocs\eRanjen\public\index.php(37): CodeIgniter\CodeIgniter->run()
#5 {main}
CRITICAL - 2022-03-28 13:30:03 --> Undefined array key "kartu_ranjen_is"
#0 D:\xampp\htdocs\eRanjen\app\Controllers\LaporanHarian.php(126): CodeIgniter\Debug\Exceptions->errorHandler(2, 'Undefined array...', 'D:\\xampp\\htdocs...', 126)
#1 D:\xampp\htdocs\eRanjen\system\CodeIgniter.php(825): App\Controllers\LaporanHarian->export()
#2 D:\xampp\htdocs\eRanjen\system\CodeIgniter.php(412): CodeIgniter\CodeIgniter->runController(Object(App\Controllers\LaporanHarian))
#3 D:\xampp\htdocs\eRanjen\system\CodeIgniter.php(320): CodeIgniter\CodeIgniter->handleRequest(NULL, Object(Config\Cache), false)
#4 D:\xampp\htdocs\eRanjen\public\index.php(37): CodeIgniter\CodeIgniter->run()
#5 {main}
CRITICAL - 2022-03-28 13:47:31 --> Undefined property: App\Controllers\Dashboard::$session
#0 D:\xampp\htdocs\eRanjen\app\Controllers\Dashboard.php(30): CodeIgniter\Debug\Exceptions->errorHandler(2, 'Undefined prope...', 'D:\\xampp\\htdocs...', 30)
#1 D:\xampp\htdocs\eRanjen\system\CodeIgniter.php(825): App\Controllers\Dashboard->index()
#2 D:\xampp\htdocs\eRanjen\system\CodeIgniter.php(412): CodeIgniter\CodeIgniter->runController(Object(App\Controllers\Dashboard))
#3 D:\xampp\htdocs\eRanjen\system\CodeIgniter.php(320): CodeIgniter\CodeIgniter->handleRequest(NULL, Object(Config\Cache), false)
#4 D:\xampp\htdocs\eRanjen\public\index.php(37): CodeIgniter\CodeIgniter->run()
#5 {main}
CRITICAL - 2022-03-28 13:52:54 --> Undefined variable $params
#0 D:\xampp\htdocs\eRanjen\app\Controllers\Dashboard.php(37): CodeIgniter\Debug\Exceptions->errorHandler(2, 'Undefined varia...', 'D:\\xampp\\htdocs...', 37)
#1 D:\xampp\htdocs\eRanjen\system\CodeIgniter.php(825): App\Controllers\Dashboard->index()
#2 D:\xampp\htdocs\eRanjen\system\CodeIgniter.php(412): CodeIgniter\CodeIgniter->runController(Object(App\Controllers\Dashboard))
#3 D:\xampp\htdocs\eRanjen\system\CodeIgniter.php(320): CodeIgniter\CodeIgniter->handleRequest(NULL, Object(Config\Cache), false)
#4 D:\xampp\htdocs\eRanjen\public\index.php(37): CodeIgniter\CodeIgniter->run()
#5 {main}
CRITICAL - 2022-03-28 13:53:09 --> Undefined variable $session
#0 D:\xampp\htdocs\eRanjen\app\Controllers\Auth.php(41): CodeIgniter\Debug\Exceptions->errorHandler(2, 'Undefined varia...', 'D:\\xampp\\htdocs...', 41)
#1 D:\xampp\htdocs\eRanjen\system\CodeIgniter.php(825): App\Controllers\Auth->loginProcess()
#2 D:\xampp\htdocs\eRanjen\system\CodeIgniter.php(412): CodeIgniter\CodeIgniter->runController(Object(App\Controllers\Auth))
#3 D:\xampp\htdocs\eRanjen\system\CodeIgniter.php(320): CodeIgniter\CodeIgniter->handleRequest(NULL, Object(Config\Cache), false)
#4 D:\xampp\htdocs\eRanjen\public\index.php(37): CodeIgniter\CodeIgniter->run()
#5 {main}
CRITICAL - 2022-03-28 13:54:01 --> Undefined variable $session
#0 D:\xampp\htdocs\eRanjen\app\Controllers\Auth.php(40): CodeIgniter\Debug\Exceptions->errorHandler(2, 'Undefined varia...', 'D:\\xampp\\htdocs...', 40)
#1 D:\xampp\htdocs\eRanjen\system\CodeIgniter.php(825): App\Controllers\Auth->loginProcess()
#2 D:\xampp\htdocs\eRanjen\system\CodeIgniter.php(412): CodeIgniter\CodeIgniter->runController(Object(App\Controllers\Auth))
#3 D:\xampp\htdocs\eRanjen\system\CodeIgniter.php(320): CodeIgniter\CodeIgniter->handleRequest(NULL, Object(Config\Cache), false)
#4 D:\xampp\htdocs\eRanjen\public\index.php(37): CodeIgniter\CodeIgniter->run()
#5 {main}
CRITICAL - 2022-03-28 14:51:33 --> Undefined variable $session
#0 D:\xampp\htdocs\eRanjen\app\Controllers\Auth.php(42): CodeIgniter\Debug\Exceptions->errorHandler(2, 'Undefined varia...', 'D:\\xampp\\htdocs...', 42)
#1 D:\xampp\htdocs\eRanjen\system\CodeIgniter.php(825): App\Controllers\Auth->loginProcess()
#2 D:\xampp\htdocs\eRanjen\system\CodeIgniter.php(412): CodeIgniter\CodeIgniter->runController(Object(App\Controllers\Auth))
#3 D:\xampp\htdocs\eRanjen\system\CodeIgniter.php(320): CodeIgniter\CodeIgniter->handleRequest(NULL, Object(Config\Cache), false)
#4 D:\xampp\htdocs\eRanjen\public\index.php(37): CodeIgniter\CodeIgniter->run()
#5 {main}
CRITICAL - 2022-03-28 17:04:00 --> Undefined variable $resultall
#0 D:\xampp\htdocs\eRanjen\app\Views\view_kendaraan.php(35): CodeIgniter\Debug\Exceptions->errorHandler(2, 'Undefined varia...', 'D:\\xampp\\htdocs...', 35)
#1 D:\xampp\htdocs\eRanjen\system\View\View.php(210): include('D:\\xampp\\htdocs...')
#2 D:\xampp\htdocs\eRanjen\system\View\View.php(213): CodeIgniter\View\View->CodeIgniter\View\{closure}()
#3 D:\xampp\htdocs\eRanjen\system\Common.php(1089): CodeIgniter\View\View->render('view_kendaraan', Array, true)
#4 D:\xampp\htdocs\eRanjen\app\Controllers\Kendaraan.php(33): view('view_kendaraan', Array)
#5 D:\xampp\htdocs\eRanjen\system\CodeIgniter.php(825): App\Controllers\Kendaraan->index()
#6 D:\xampp\htdocs\eRanjen\system\CodeIgniter.php(412): CodeIgniter\CodeIgniter->runController(Object(App\Controllers\Kendaraan))
#7 D:\xampp\htdocs\eRanjen\system\CodeIgniter.php(320): CodeIgniter\CodeIgniter->handleRequest(NULL, Object(Config\Cache), false)
#8 D:\xampp\htdocs\eRanjen\public\index.php(37): CodeIgniter\CodeIgniter->run()
#9 {main}
CRITICAL - 2022-03-28 17:04:40 --> Array to string conversion
#0 D:\xampp\htdocs\eRanjen\app\Views\view_kendaraan.php(35): CodeIgniter\Debug\Exceptions->errorHandler(2, 'Array to string...', 'D:\\xampp\\htdocs...', 35)
#1 D:\xampp\htdocs\eRanjen\system\View\View.php(210): include('D:\\xampp\\htdocs...')
#2 D:\xampp\htdocs\eRanjen\system\View\View.php(213): CodeIgniter\View\View->CodeIgniter\View\{closure}()
#3 D:\xampp\htdocs\eRanjen\system\Common.php(1089): CodeIgniter\View\View->render('view_kendaraan', Array, true)
#4 D:\xampp\htdocs\eRanjen\app\Controllers\Kendaraan.php(33): view('view_kendaraan', Array)
#5 D:\xampp\htdocs\eRanjen\system\CodeIgniter.php(825): App\Controllers\Kendaraan->index()
#6 D:\xampp\htdocs\eRanjen\system\CodeIgniter.php(412): CodeIgniter\CodeIgniter->runController(Object(App\Controllers\Kendaraan))
#7 D:\xampp\htdocs\eRanjen\system\CodeIgniter.php(320): CodeIgniter\CodeIgniter->handleRequest(NULL, Object(Config\Cache), false)
#8 D:\xampp\htdocs\eRanjen\public\index.php(37): CodeIgniter\CodeIgniter->run()
#9 {main}
CRITICAL - 2022-03-28 17:06:30 --> Undefined array key "ran_nopol"
#0 D:\xampp\htdocs\eRanjen\app\Views\view_kendaraan.php(40): CodeIgniter\Debug\Exceptions->errorHandler(2, 'Undefined array...', 'D:\\xampp\\htdocs...', 40)
#1 D:\xampp\htdocs\eRanjen\system\View\View.php(210): include('D:\\xampp\\htdocs...')
#2 D:\xampp\htdocs\eRanjen\system\View\View.php(213): CodeIgniter\View\View->CodeIgniter\View\{closure}()
#3 D:\xampp\htdocs\eRanjen\system\Common.php(1089): CodeIgniter\View\View->render('view_kendaraan', Array, true)
#4 D:\xampp\htdocs\eRanjen\app\Controllers\Kendaraan.php(33): view('view_kendaraan', Array)
#5 D:\xampp\htdocs\eRanjen\system\CodeIgniter.php(825): App\Controllers\Kendaraan->index()
#6 D:\xampp\htdocs\eRanjen\system\CodeIgniter.php(412): CodeIgniter\CodeIgniter->runController(Object(App\Controllers\Kendaraan))
#7 D:\xampp\htdocs\eRanjen\system\CodeIgniter.php(320): CodeIgniter\CodeIgniter->handleRequest(NULL, Object(Config\Cache), false)
#8 D:\xampp\htdocs\eRanjen\public\index.php(37): CodeIgniter\CodeIgniter->run()
#9 {main}
