CRITICAL - 2022-02-11 00:31:54 --> Call to undefined method CodeIgniter\Database\MySQLi\Connection::select()
#0 D:\xampp\htdocs\eRanjen\app\Controllers\Kendaraan.php(21): App\Models\Kendaraan_model->join2table()
#1 D:\xampp\htdocs\eRanjen\system\CodeIgniter.php(825): App\Controllers\Kendaraan->index()
#2 D:\xampp\htdocs\eRanjen\system\CodeIgniter.php(412): CodeIgniter\CodeIgniter->runController(Object(App\Controllers\Kendaraan))
#3 D:\xampp\htdocs\eRanjen\system\CodeIgniter.php(320): CodeIgniter\CodeIgniter->handleRequest(NULL, Object(Config\Cache), false)
#4 D:\xampp\htdocs\eRanjen\public\index.php(37): CodeIgniter\CodeIgniter->run()
#5 D:\xampp\htdocs\eRanjen\system\Commands\Server\rewrite.php(43): require_once('D:\\xampp\\htdocs...')
#6 {main}
CRITICAL - 2022-02-11 00:33:02 --> Call to undefined method CodeIgniter\Database\MySQLi\Connection::select()
#0 D:\xampp\htdocs\eRanjen\app\Controllers\Kendaraan.php(21): App\Models\Kendaraan_model->join2table()
#1 D:\xampp\htdocs\eRanjen\system\CodeIgniter.php(825): App\Controllers\Kendaraan->index()
#2 D:\xampp\htdocs\eRanjen\system\CodeIgniter.php(412): CodeIgniter\CodeIgniter->runController(Object(App\Controllers\Kendaraan))
#3 D:\xampp\htdocs\eRanjen\system\CodeIgniter.php(320): CodeIgniter\CodeIgniter->handleRequest(NULL, Object(Config\Cache), false)
#4 D:\xampp\htdocs\eRanjen\public\index.php(37): CodeIgniter\CodeIgniter->run()
#5 D:\xampp\htdocs\eRanjen\system\Commands\Server\rewrite.php(43): require_once('D:\\xampp\\htdocs...')
#6 {main}
CRITICAL - 2022-02-11 00:33:03 --> Call to undefined method CodeIgniter\Database\MySQLi\Connection::select()
#0 D:\xampp\htdocs\eRanjen\app\Controllers\Kendaraan.php(21): App\Models\Kendaraan_model->join2table()
#1 D:\xampp\htdocs\eRanjen\system\CodeIgniter.php(825): App\Controllers\Kendaraan->index()
#2 D:\xampp\htdocs\eRanjen\system\CodeIgniter.php(412): CodeIgniter\CodeIgniter->runController(Object(App\Controllers\Kendaraan))
#3 D:\xampp\htdocs\eRanjen\system\CodeIgniter.php(320): CodeIgniter\CodeIgniter->handleRequest(NULL, Object(Config\Cache), false)
#4 D:\xampp\htdocs\eRanjen\public\index.php(37): CodeIgniter\CodeIgniter->run()
#5 D:\xampp\htdocs\eRanjen\system\Commands\Server\rewrite.php(43): require_once('D:\\xampp\\htdocs...')
#6 {main}
CRITICAL - 2022-02-11 00:33:28 --> Call to undefined method CodeIgniter\Database\MySQLi\Connection::select()
#0 D:\xampp\htdocs\eRanjen\app\Controllers\Kendaraan.php(21): App\Models\Kendaraan_model->join2table()
#1 D:\xampp\htdocs\eRanjen\system\CodeIgniter.php(825): App\Controllers\Kendaraan->index()
#2 D:\xampp\htdocs\eRanjen\system\CodeIgniter.php(412): CodeIgniter\CodeIgniter->runController(Object(App\Controllers\Kendaraan))
#3 D:\xampp\htdocs\eRanjen\system\CodeIgniter.php(320): CodeIgniter\CodeIgniter->handleRequest(NULL, Object(Config\Cache), false)
#4 D:\xampp\htdocs\eRanjen\public\index.php(37): CodeIgniter\CodeIgniter->run()
#5 D:\xampp\htdocs\eRanjen\system\Commands\Server\rewrite.php(43): require_once('D:\\xampp\\htdocs...')
#6 {main}
CRITICAL - 2022-02-11 00:33:28 --> Call to undefined method CodeIgniter\Database\MySQLi\Connection::select()
#0 D:\xampp\htdocs\eRanjen\app\Controllers\Kendaraan.php(21): App\Models\Kendaraan_model->join2table()
#1 D:\xampp\htdocs\eRanjen\system\CodeIgniter.php(825): App\Controllers\Kendaraan->index()
#2 D:\xampp\htdocs\eRanjen\system\CodeIgniter.php(412): CodeIgniter\CodeIgniter->runController(Object(App\Controllers\Kendaraan))
#3 D:\xampp\htdocs\eRanjen\system\CodeIgniter.php(320): CodeIgniter\CodeIgniter->handleRequest(NULL, Object(Config\Cache), false)
#4 D:\xampp\htdocs\eRanjen\public\index.php(37): CodeIgniter\CodeIgniter->run()
#5 D:\xampp\htdocs\eRanjen\system\Commands\Server\rewrite.php(43): require_once('D:\\xampp\\htdocs...')
#6 {main}
CRITICAL - 2022-02-11 00:33:29 --> Call to undefined method CodeIgniter\Database\MySQLi\Connection::select()
#0 D:\xampp\htdocs\eRanjen\app\Controllers\Kendaraan.php(21): App\Models\Kendaraan_model->join2table()
#1 D:\xampp\htdocs\eRanjen\system\CodeIgniter.php(825): App\Controllers\Kendaraan->index()
#2 D:\xampp\htdocs\eRanjen\system\CodeIgniter.php(412): CodeIgniter\CodeIgniter->runController(Object(App\Controllers\Kendaraan))
#3 D:\xampp\htdocs\eRanjen\system\CodeIgniter.php(320): CodeIgniter\CodeIgniter->handleRequest(NULL, Object(Config\Cache), false)
#4 D:\xampp\htdocs\eRanjen\public\index.php(37): CodeIgniter\CodeIgniter->run()
#5 D:\xampp\htdocs\eRanjen\system\Commands\Server\rewrite.php(43): require_once('D:\\xampp\\htdocs...')
#6 {main}
CRITICAL - 2022-02-11 00:33:29 --> Call to undefined method CodeIgniter\Database\MySQLi\Connection::select()
#0 D:\xampp\htdocs\eRanjen\app\Controllers\Kendaraan.php(21): App\Models\Kendaraan_model->join2table()
#1 D:\xampp\htdocs\eRanjen\system\CodeIgniter.php(825): App\Controllers\Kendaraan->index()
#2 D:\xampp\htdocs\eRanjen\system\CodeIgniter.php(412): CodeIgniter\CodeIgniter->runController(Object(App\Controllers\Kendaraan))
#3 D:\xampp\htdocs\eRanjen\system\CodeIgniter.php(320): CodeIgniter\CodeIgniter->handleRequest(NULL, Object(Config\Cache), false)
#4 D:\xampp\htdocs\eRanjen\public\index.php(37): CodeIgniter\CodeIgniter->run()
#5 D:\xampp\htdocs\eRanjen\system\Commands\Server\rewrite.php(43): require_once('D:\\xampp\\htdocs...')
#6 {main}
CRITICAL - 2022-02-11 00:35:39 --> Cannot access protected property CodeIgniter\Database\MySQLi\Builder::$db
#0 D:\xampp\htdocs\eRanjen\app\Controllers\Kendaraan.php(21): App\Models\Kendaraan_model->join2table()
#1 D:\xampp\htdocs\eRanjen\system\CodeIgniter.php(825): App\Controllers\Kendaraan->index()
#2 D:\xampp\htdocs\eRanjen\system\CodeIgniter.php(412): CodeIgniter\CodeIgniter->runController(Object(App\Controllers\Kendaraan))
#3 D:\xampp\htdocs\eRanjen\system\CodeIgniter.php(320): CodeIgniter\CodeIgniter->handleRequest(NULL, Object(Config\Cache), false)
#4 D:\xampp\htdocs\eRanjen\public\index.php(37): CodeIgniter\CodeIgniter->run()
#5 D:\xampp\htdocs\eRanjen\system\Commands\Server\rewrite.php(43): require_once('D:\\xampp\\htdocs...')
#6 {main}
CRITICAL - 2022-02-11 00:36:05 --> Cannot access protected property CodeIgniter\Database\MySQLi\Builder::$db
#0 D:\xampp\htdocs\eRanjen\app\Controllers\Kendaraan.php(21): App\Models\Kendaraan_model->join2table()
#1 D:\xampp\htdocs\eRanjen\system\CodeIgniter.php(825): App\Controllers\Kendaraan->index()
#2 D:\xampp\htdocs\eRanjen\system\CodeIgniter.php(412): CodeIgniter\CodeIgniter->runController(Object(App\Controllers\Kendaraan))
#3 D:\xampp\htdocs\eRanjen\system\CodeIgniter.php(320): CodeIgniter\CodeIgniter->handleRequest(NULL, Object(Config\Cache), false)
#4 D:\xampp\htdocs\eRanjen\public\index.php(37): CodeIgniter\CodeIgniter->run()
#5 D:\xampp\htdocs\eRanjen\system\Commands\Server\rewrite.php(43): require_once('D:\\xampp\\htdocs...')
#6 {main}
CRITICAL - 2022-02-11 00:36:06 --> Cannot access protected property CodeIgniter\Database\MySQLi\Builder::$db
#0 D:\xampp\htdocs\eRanjen\app\Controllers\Kendaraan.php(21): App\Models\Kendaraan_model->join2table()
#1 D:\xampp\htdocs\eRanjen\system\CodeIgniter.php(825): App\Controllers\Kendaraan->index()
#2 D:\xampp\htdocs\eRanjen\system\CodeIgniter.php(412): CodeIgniter\CodeIgniter->runController(Object(App\Controllers\Kendaraan))
#3 D:\xampp\htdocs\eRanjen\system\CodeIgniter.php(320): CodeIgniter\CodeIgniter->handleRequest(NULL, Object(Config\Cache), false)
#4 D:\xampp\htdocs\eRanjen\public\index.php(37): CodeIgniter\CodeIgniter->run()
#5 D:\xampp\htdocs\eRanjen\system\Commands\Server\rewrite.php(43): require_once('D:\\xampp\\htdocs...')
#6 {main}
CRITICAL - 2022-02-11 00:36:06 --> Cannot access protected property CodeIgniter\Database\MySQLi\Builder::$db
#0 D:\xampp\htdocs\eRanjen\app\Controllers\Kendaraan.php(21): App\Models\Kendaraan_model->join2table()
#1 D:\xampp\htdocs\eRanjen\system\CodeIgniter.php(825): App\Controllers\Kendaraan->index()
#2 D:\xampp\htdocs\eRanjen\system\CodeIgniter.php(412): CodeIgniter\CodeIgniter->runController(Object(App\Controllers\Kendaraan))
#3 D:\xampp\htdocs\eRanjen\system\CodeIgniter.php(320): CodeIgniter\CodeIgniter->handleRequest(NULL, Object(Config\Cache), false)
#4 D:\xampp\htdocs\eRanjen\public\index.php(37): CodeIgniter\CodeIgniter->run()
#5 D:\xampp\htdocs\eRanjen\system\Commands\Server\rewrite.php(43): require_once('D:\\xampp\\htdocs...')
#6 {main}
CRITICAL - 2022-02-11 00:36:06 --> Cannot access protected property CodeIgniter\Database\MySQLi\Builder::$db
#0 D:\xampp\htdocs\eRanjen\app\Controllers\Kendaraan.php(21): App\Models\Kendaraan_model->join2table()
#1 D:\xampp\htdocs\eRanjen\system\CodeIgniter.php(825): App\Controllers\Kendaraan->index()
#2 D:\xampp\htdocs\eRanjen\system\CodeIgniter.php(412): CodeIgniter\CodeIgniter->runController(Object(App\Controllers\Kendaraan))
#3 D:\xampp\htdocs\eRanjen\system\CodeIgniter.php(320): CodeIgniter\CodeIgniter->handleRequest(NULL, Object(Config\Cache), false)
#4 D:\xampp\htdocs\eRanjen\public\index.php(37): CodeIgniter\CodeIgniter->run()
#5 D:\xampp\htdocs\eRanjen\system\Commands\Server\rewrite.php(43): require_once('D:\\xampp\\htdocs...')
#6 {main}
CRITICAL - 2022-02-11 00:37:15 --> syntax error, unexpected token "}", expecting ";"
#0 D:\xampp\htdocs\eRanjen\system\Autoloader\Autoloader.php(241): CodeIgniter\Autoloader\Autoloader->includeFile('D:\\xampp\\htdocs...')
#1 D:\xampp\htdocs\eRanjen\system\Autoloader\Autoloader.php(219): CodeIgniter\Autoloader\Autoloader->loadInNamespace('App\\Models\\Kend...')
#2 D:\xampp\htdocs\eRanjen\app\Controllers\Kendaraan.php(13): CodeIgniter\Autoloader\Autoloader->loadClass('App\\Models\\Kend...')
#3 D:\xampp\htdocs\eRanjen\system\CodeIgniter.php(825): App\Controllers\Kendaraan->index()
#4 D:\xampp\htdocs\eRanjen\system\CodeIgniter.php(412): CodeIgniter\CodeIgniter->runController(Object(App\Controllers\Kendaraan))
#5 D:\xampp\htdocs\eRanjen\system\CodeIgniter.php(320): CodeIgniter\CodeIgniter->handleRequest(NULL, Object(Config\Cache), false)
#6 D:\xampp\htdocs\eRanjen\public\index.php(37): CodeIgniter\CodeIgniter->run()
#7 D:\xampp\htdocs\eRanjen\system\Commands\Server\rewrite.php(43): require_once('D:\\xampp\\htdocs...')
#8 {main}
CRITICAL - 2022-02-11 00:37:22 --> Cannot access protected property CodeIgniter\Database\MySQLi\Builder::$db
#0 D:\xampp\htdocs\eRanjen\app\Controllers\Kendaraan.php(21): App\Models\Kendaraan_model->join2table()
#1 D:\xampp\htdocs\eRanjen\system\CodeIgniter.php(825): App\Controllers\Kendaraan->index()
#2 D:\xampp\htdocs\eRanjen\system\CodeIgniter.php(412): CodeIgniter\CodeIgniter->runController(Object(App\Controllers\Kendaraan))
#3 D:\xampp\htdocs\eRanjen\system\CodeIgniter.php(320): CodeIgniter\CodeIgniter->handleRequest(NULL, Object(Config\Cache), false)
#4 D:\xampp\htdocs\eRanjen\public\index.php(37): CodeIgniter\CodeIgniter->run()
#5 D:\xampp\htdocs\eRanjen\system\Commands\Server\rewrite.php(43): require_once('D:\\xampp\\htdocs...')
#6 {main}
CRITICAL - 2022-02-11 00:37:52 --> Cannot access protected property CodeIgniter\Database\MySQLi\Builder::$db
#0 D:\xampp\htdocs\eRanjen\app\Controllers\Kendaraan.php(21): App\Models\Kendaraan_model->join2table()
#1 D:\xampp\htdocs\eRanjen\system\CodeIgniter.php(825): App\Controllers\Kendaraan->index()
#2 D:\xampp\htdocs\eRanjen\system\CodeIgniter.php(412): CodeIgniter\CodeIgniter->runController(Object(App\Controllers\Kendaraan))
#3 D:\xampp\htdocs\eRanjen\system\CodeIgniter.php(320): CodeIgniter\CodeIgniter->handleRequest(NULL, Object(Config\Cache), false)
#4 D:\xampp\htdocs\eRanjen\public\index.php(37): CodeIgniter\CodeIgniter->run()
#5 D:\xampp\htdocs\eRanjen\system\Commands\Server\rewrite.php(43): require_once('D:\\xampp\\htdocs...')
#6 {main}
CRITICAL - 2022-02-11 00:38:27 --> Cannot access protected property CodeIgniter\Database\MySQLi\Builder::$db
#0 D:\xampp\htdocs\eRanjen\app\Controllers\Kendaraan.php(21): App\Models\Kendaraan_model->join2table()
#1 D:\xampp\htdocs\eRanjen\system\CodeIgniter.php(825): App\Controllers\Kendaraan->index()
#2 D:\xampp\htdocs\eRanjen\system\CodeIgniter.php(412): CodeIgniter\CodeIgniter->runController(Object(App\Controllers\Kendaraan))
#3 D:\xampp\htdocs\eRanjen\system\CodeIgniter.php(320): CodeIgniter\CodeIgniter->handleRequest(NULL, Object(Config\Cache), false)
#4 D:\xampp\htdocs\eRanjen\public\index.php(37): CodeIgniter\CodeIgniter->run()
#5 D:\xampp\htdocs\eRanjen\system\Commands\Server\rewrite.php(43): require_once('D:\\xampp\\htdocs...')
#6 {main}
CRITICAL - 2022-02-11 00:38:28 --> Cannot access protected property CodeIgniter\Database\MySQLi\Builder::$db
#0 D:\xampp\htdocs\eRanjen\app\Controllers\Kendaraan.php(21): App\Models\Kendaraan_model->join2table()
#1 D:\xampp\htdocs\eRanjen\system\CodeIgniter.php(825): App\Controllers\Kendaraan->index()
#2 D:\xampp\htdocs\eRanjen\system\CodeIgniter.php(412): CodeIgniter\CodeIgniter->runController(Object(App\Controllers\Kendaraan))
#3 D:\xampp\htdocs\eRanjen\system\CodeIgniter.php(320): CodeIgniter\CodeIgniter->handleRequest(NULL, Object(Config\Cache), false)
#4 D:\xampp\htdocs\eRanjen\public\index.php(37): CodeIgniter\CodeIgniter->run()
#5 D:\xampp\htdocs\eRanjen\system\Commands\Server\rewrite.php(43): require_once('D:\\xampp\\htdocs...')
#6 {main}
ERROR - 2022-02-11 00:48:38 --> Not unique table/alias: 'kendaraan'
ERROR - 2022-02-11 00:50:11 --> Not unique table/alias: 'kendaraan'
ERROR - 2022-02-11 00:50:20 --> Not unique table/alias: 'kendaraan'
ERROR - 2022-02-11 00:53:14 --> Not unique table/alias: 'kendaraan'
CRITICAL - 2022-02-11 00:53:14 --> Undefined variable $resultall
#0 D:\xampp\htdocs\eRanjen\app\Views\view_kendaraan.php(33): CodeIgniter\Debug\Exceptions->errorHandler(2, 'Undefined varia...', 'D:\\xampp\\htdocs...', 33)
#1 D:\xampp\htdocs\eRanjen\system\View\View.php(210): include('D:\\xampp\\htdocs...')
#2 D:\xampp\htdocs\eRanjen\system\View\View.php(213): CodeIgniter\View\View->CodeIgniter\View\{closure}()
#3 D:\xampp\htdocs\eRanjen\system\Common.php(1089): CodeIgniter\View\View->render('view_kendaraan', Array, true)
#4 D:\xampp\htdocs\eRanjen\app\Controllers\Kendaraan.php(32): view('view_kendaraan', Array)
#5 D:\xampp\htdocs\eRanjen\system\CodeIgniter.php(825): App\Controllers\Kendaraan->index()
#6 D:\xampp\htdocs\eRanjen\system\CodeIgniter.php(412): CodeIgniter\CodeIgniter->runController(Object(App\Controllers\Kendaraan))
#7 D:\xampp\htdocs\eRanjen\system\CodeIgniter.php(320): CodeIgniter\CodeIgniter->handleRequest(NULL, Object(Config\Cache), false)
#8 D:\xampp\htdocs\eRanjen\public\index.php(37): CodeIgniter\CodeIgniter->run()
#9 {main}
ERROR - 2022-02-11 00:53:41 --> Not unique table/alias: 'kendaraan'
CRITICAL - 2022-02-11 00:53:41 --> foreach() argument must be of type array|object, null given
#0 D:\xampp\htdocs\eRanjen\app\Views\view_kendaraan.php(33): CodeIgniter\Debug\Exceptions->errorHandler(2, 'foreach() argum...', 'D:\\xampp\\htdocs...', 33)
#1 D:\xampp\htdocs\eRanjen\system\View\View.php(210): include('D:\\xampp\\htdocs...')
#2 D:\xampp\htdocs\eRanjen\system\View\View.php(213): CodeIgniter\View\View->CodeIgniter\View\{closure}()
#3 D:\xampp\htdocs\eRanjen\system\Common.php(1089): CodeIgniter\View\View->render('view_kendaraan', Array, true)
#4 D:\xampp\htdocs\eRanjen\app\Controllers\Kendaraan.php(32): view('view_kendaraan', Array)
#5 D:\xampp\htdocs\eRanjen\system\CodeIgniter.php(825): App\Controllers\Kendaraan->index()
#6 D:\xampp\htdocs\eRanjen\system\CodeIgniter.php(412): CodeIgniter\CodeIgniter->runController(Object(App\Controllers\Kendaraan))
#7 D:\xampp\htdocs\eRanjen\system\CodeIgniter.php(320): CodeIgniter\CodeIgniter->handleRequest(NULL, Object(Config\Cache), false)
#8 D:\xampp\htdocs\eRanjen\public\index.php(37): CodeIgniter\CodeIgniter->run()
#9 {main}
ERROR - 2022-02-11 00:53:57 --> Not unique table/alias: 'kendaraan'
CRITICAL - 2022-02-11 00:53:57 --> foreach() argument must be of type array|object, null given
#0 D:\xampp\htdocs\eRanjen\app\Views\view_kendaraan.php(33): CodeIgniter\Debug\Exceptions->errorHandler(2, 'foreach() argum...', 'D:\\xampp\\htdocs...', 33)
#1 D:\xampp\htdocs\eRanjen\system\View\View.php(210): include('D:\\xampp\\htdocs...')
#2 D:\xampp\htdocs\eRanjen\system\View\View.php(213): CodeIgniter\View\View->CodeIgniter\View\{closure}()
#3 D:\xampp\htdocs\eRanjen\system\Common.php(1089): CodeIgniter\View\View->render('view_kendaraan', Array, true)
#4 D:\xampp\htdocs\eRanjen\app\Controllers\Kendaraan.php(32): view('view_kendaraan', Array)
#5 D:\xampp\htdocs\eRanjen\system\CodeIgniter.php(825): App\Controllers\Kendaraan->index()
#6 D:\xampp\htdocs\eRanjen\system\CodeIgniter.php(412): CodeIgniter\CodeIgniter->runController(Object(App\Controllers\Kendaraan))
#7 D:\xampp\htdocs\eRanjen\system\CodeIgniter.php(320): CodeIgniter\CodeIgniter->handleRequest(NULL, Object(Config\Cache), false)
#8 D:\xampp\htdocs\eRanjen\public\index.php(37): CodeIgniter\CodeIgniter->run()
#9 {main}
ERROR - 2022-02-11 00:53:58 --> Not unique table/alias: 'kendaraan'
CRITICAL - 2022-02-11 00:53:58 --> foreach() argument must be of type array|object, null given
#0 D:\xampp\htdocs\eRanjen\app\Views\view_kendaraan.php(33): CodeIgniter\Debug\Exceptions->errorHandler(2, 'foreach() argum...', 'D:\\xampp\\htdocs...', 33)
#1 D:\xampp\htdocs\eRanjen\system\View\View.php(210): include('D:\\xampp\\htdocs...')
#2 D:\xampp\htdocs\eRanjen\system\View\View.php(213): CodeIgniter\View\View->CodeIgniter\View\{closure}()
#3 D:\xampp\htdocs\eRanjen\system\Common.php(1089): CodeIgniter\View\View->render('view_kendaraan', Array, true)
#4 D:\xampp\htdocs\eRanjen\app\Controllers\Kendaraan.php(32): view('view_kendaraan', Array)
#5 D:\xampp\htdocs\eRanjen\system\CodeIgniter.php(825): App\Controllers\Kendaraan->index()
#6 D:\xampp\htdocs\eRanjen\system\CodeIgniter.php(412): CodeIgniter\CodeIgniter->runController(Object(App\Controllers\Kendaraan))
#7 D:\xampp\htdocs\eRanjen\system\CodeIgniter.php(320): CodeIgniter\CodeIgniter->handleRequest(NULL, Object(Config\Cache), false)
#8 D:\xampp\htdocs\eRanjen\public\index.php(37): CodeIgniter\CodeIgniter->run()
#9 {main}
ERROR - 2022-02-11 00:53:58 --> Not unique table/alias: 'kendaraan'
CRITICAL - 2022-02-11 00:53:58 --> foreach() argument must be of type array|object, null given
#0 D:\xampp\htdocs\eRanjen\app\Views\view_kendaraan.php(33): CodeIgniter\Debug\Exceptions->errorHandler(2, 'foreach() argum...', 'D:\\xampp\\htdocs...', 33)
#1 D:\xampp\htdocs\eRanjen\system\View\View.php(210): include('D:\\xampp\\htdocs...')
#2 D:\xampp\htdocs\eRanjen\system\View\View.php(213): CodeIgniter\View\View->CodeIgniter\View\{closure}()
#3 D:\xampp\htdocs\eRanjen\system\Common.php(1089): CodeIgniter\View\View->render('view_kendaraan', Array, true)
#4 D:\xampp\htdocs\eRanjen\app\Controllers\Kendaraan.php(32): view('view_kendaraan', Array)
#5 D:\xampp\htdocs\eRanjen\system\CodeIgniter.php(825): App\Controllers\Kendaraan->index()
#6 D:\xampp\htdocs\eRanjen\system\CodeIgniter.php(412): CodeIgniter\CodeIgniter->runController(Object(App\Controllers\Kendaraan))
#7 D:\xampp\htdocs\eRanjen\system\CodeIgniter.php(320): CodeIgniter\CodeIgniter->handleRequest(NULL, Object(Config\Cache), false)
#8 D:\xampp\htdocs\eRanjen\public\index.php(37): CodeIgniter\CodeIgniter->run()
#9 {main}
ERROR - 2022-02-11 00:53:58 --> Not unique table/alias: 'kendaraan'
CRITICAL - 2022-02-11 00:53:58 --> foreach() argument must be of type array|object, null given
#0 D:\xampp\htdocs\eRanjen\app\Views\view_kendaraan.php(33): CodeIgniter\Debug\Exceptions->errorHandler(2, 'foreach() argum...', 'D:\\xampp\\htdocs...', 33)
#1 D:\xampp\htdocs\eRanjen\system\View\View.php(210): include('D:\\xampp\\htdocs...')
#2 D:\xampp\htdocs\eRanjen\system\View\View.php(213): CodeIgniter\View\View->CodeIgniter\View\{closure}()
#3 D:\xampp\htdocs\eRanjen\system\Common.php(1089): CodeIgniter\View\View->render('view_kendaraan', Array, true)
#4 D:\xampp\htdocs\eRanjen\app\Controllers\Kendaraan.php(32): view('view_kendaraan', Array)
#5 D:\xampp\htdocs\eRanjen\system\CodeIgniter.php(825): App\Controllers\Kendaraan->index()
#6 D:\xampp\htdocs\eRanjen\system\CodeIgniter.php(412): CodeIgniter\CodeIgniter->runController(Object(App\Controllers\Kendaraan))
#7 D:\xampp\htdocs\eRanjen\system\CodeIgniter.php(320): CodeIgniter\CodeIgniter->handleRequest(NULL, Object(Config\Cache), false)
#8 D:\xampp\htdocs\eRanjen\public\index.php(37): CodeIgniter\CodeIgniter->run()
#9 {main}
ERROR - 2022-02-11 00:53:59 --> Not unique table/alias: 'kendaraan'
CRITICAL - 2022-02-11 00:53:59 --> foreach() argument must be of type array|object, null given
#0 D:\xampp\htdocs\eRanjen\app\Views\view_kendaraan.php(33): CodeIgniter\Debug\Exceptions->errorHandler(2, 'foreach() argum...', 'D:\\xampp\\htdocs...', 33)
#1 D:\xampp\htdocs\eRanjen\system\View\View.php(210): include('D:\\xampp\\htdocs...')
#2 D:\xampp\htdocs\eRanjen\system\View\View.php(213): CodeIgniter\View\View->CodeIgniter\View\{closure}()
#3 D:\xampp\htdocs\eRanjen\system\Common.php(1089): CodeIgniter\View\View->render('view_kendaraan', Array, true)
#4 D:\xampp\htdocs\eRanjen\app\Controllers\Kendaraan.php(32): view('view_kendaraan', Array)
#5 D:\xampp\htdocs\eRanjen\system\CodeIgniter.php(825): App\Controllers\Kendaraan->index()
#6 D:\xampp\htdocs\eRanjen\system\CodeIgniter.php(412): CodeIgniter\CodeIgniter->runController(Object(App\Controllers\Kendaraan))
#7 D:\xampp\htdocs\eRanjen\system\CodeIgniter.php(320): CodeIgniter\CodeIgniter->handleRequest(NULL, Object(Config\Cache), false)
#8 D:\xampp\htdocs\eRanjen\public\index.php(37): CodeIgniter\CodeIgniter->run()
#9 {main}
ERROR - 2022-02-11 00:54:14 --> Not unique table/alias: 'kendaraan'
ERROR - 2022-02-11 00:54:18 --> Not unique table/alias: 'kendaraan'
ERROR - 2022-02-11 00:55:41 --> Not unique table/alias: 'kendaraan'
CRITICAL - 2022-02-11 00:55:41 --> Call to a member function getResultArray() on bool
#0 D:\xampp\htdocs\eRanjen\app\Controllers\Kendaraan.php(21): App\Models\Kendaraan_model->join2table()
#1 D:\xampp\htdocs\eRanjen\system\CodeIgniter.php(825): App\Controllers\Kendaraan->index()
#2 D:\xampp\htdocs\eRanjen\system\CodeIgniter.php(412): CodeIgniter\CodeIgniter->runController(Object(App\Controllers\Kendaraan))
#3 D:\xampp\htdocs\eRanjen\system\CodeIgniter.php(320): CodeIgniter\CodeIgniter->handleRequest(NULL, Object(Config\Cache), false)
#4 D:\xampp\htdocs\eRanjen\public\index.php(37): CodeIgniter\CodeIgniter->run()
#5 {main}
ERROR - 2022-02-11 00:56:00 --> Not unique table/alias: 'kendaraan'
CRITICAL - 2022-02-11 00:56:00 --> Call to a member function getResultArray() on bool
#0 D:\xampp\htdocs\eRanjen\app\Controllers\Kendaraan.php(21): App\Models\Kendaraan_model->join2table()
#1 D:\xampp\htdocs\eRanjen\system\CodeIgniter.php(825): App\Controllers\Kendaraan->index()
#2 D:\xampp\htdocs\eRanjen\system\CodeIgniter.php(412): CodeIgniter\CodeIgniter->runController(Object(App\Controllers\Kendaraan))
#3 D:\xampp\htdocs\eRanjen\system\CodeIgniter.php(320): CodeIgniter\CodeIgniter->handleRequest(NULL, Object(Config\Cache), false)
#4 D:\xampp\htdocs\eRanjen\public\index.php(37): CodeIgniter\CodeIgniter->run()
#5 {main}
ERROR - 2022-02-11 00:56:10 --> Not unique table/alias: 'kendaraan'
ERROR - 2022-02-11 00:57:01 --> Not unique table/alias: 'kendaraan'
CRITICAL - 2022-02-11 00:59:18 --> Undefined variable $db
#0 D:\xampp\htdocs\eRanjen\app\Models\Kendaraan_model.php(38): CodeIgniter\Debug\Exceptions->errorHandler(2, 'Undefined varia...', 'D:\\xampp\\htdocs...', 38)
#1 D:\xampp\htdocs\eRanjen\app\Controllers\Kendaraan.php(21): App\Models\Kendaraan_model->join2table()
#2 D:\xampp\htdocs\eRanjen\system\CodeIgniter.php(825): App\Controllers\Kendaraan->index()
#3 D:\xampp\htdocs\eRanjen\system\CodeIgniter.php(412): CodeIgniter\CodeIgniter->runController(Object(App\Controllers\Kendaraan))
#4 D:\xampp\htdocs\eRanjen\system\CodeIgniter.php(320): CodeIgniter\CodeIgniter->handleRequest(NULL, Object(Config\Cache), false)
#5 D:\xampp\htdocs\eRanjen\public\index.php(37): CodeIgniter\CodeIgniter->run()
#6 {main}
CRITICAL - 2022-02-11 00:59:33 --> Object of class CodeIgniter\Database\MySQLi\Result could not be converted to string
#0 D:\xampp\htdocs\eRanjen\app\Controllers\Kendaraan.php(21): App\Models\Kendaraan_model->join2table()
#1 D:\xampp\htdocs\eRanjen\system\CodeIgniter.php(825): App\Controllers\Kendaraan->index()
#2 D:\xampp\htdocs\eRanjen\system\CodeIgniter.php(412): CodeIgniter\CodeIgniter->runController(Object(App\Controllers\Kendaraan))
#3 D:\xampp\htdocs\eRanjen\system\CodeIgniter.php(320): CodeIgniter\CodeIgniter->handleRequest(NULL, Object(Config\Cache), false)
#4 D:\xampp\htdocs\eRanjen\public\index.php(37): CodeIgniter\CodeIgniter->run()
#5 {main}
ERROR - 2022-02-11 01:06:43 --> Unknown column 'master_bbm_jenis.mbj_nama' in 'field list'
CRITICAL - 2022-02-11 01:06:43 --> Call to a member function getResultArray() on bool
#0 D:\xampp\htdocs\eRanjen\app\Controllers\Kendaraan.php(21): App\Models\Kendaraan_model->join2table()
#1 D:\xampp\htdocs\eRanjen\system\CodeIgniter.php(825): App\Controllers\Kendaraan->index()
#2 D:\xampp\htdocs\eRanjen\system\CodeIgniter.php(412): CodeIgniter\CodeIgniter->runController(Object(App\Controllers\Kendaraan))
#3 D:\xampp\htdocs\eRanjen\system\CodeIgniter.php(320): CodeIgniter\CodeIgniter->handleRequest(NULL, Object(Config\Cache), false)
#4 D:\xampp\htdocs\eRanjen\public\index.php(37): CodeIgniter\CodeIgniter->run()
#5 {main}
ERROR - 2022-02-11 01:06:46 --> Unknown column 'master_bbm_jenis.mbj_nama' in 'field list'
CRITICAL - 2022-02-11 01:06:46 --> Call to a member function getResultArray() on bool
#0 D:\xampp\htdocs\eRanjen\app\Controllers\Kendaraan.php(21): App\Models\Kendaraan_model->join2table()
#1 D:\xampp\htdocs\eRanjen\system\CodeIgniter.php(825): App\Controllers\Kendaraan->index()
#2 D:\xampp\htdocs\eRanjen\system\CodeIgniter.php(412): CodeIgniter\CodeIgniter->runController(Object(App\Controllers\Kendaraan))
#3 D:\xampp\htdocs\eRanjen\system\CodeIgniter.php(320): CodeIgniter\CodeIgniter->handleRequest(NULL, Object(Config\Cache), false)
#4 D:\xampp\htdocs\eRanjen\public\index.php(37): CodeIgniter\CodeIgniter->run()
#5 {main}
ERROR - 2022-02-11 01:07:22 --> Unknown column 'master_bbm_jenis.mbj_nama' in 'field list'
CRITICAL - 2022-02-11 01:07:22 --> Call to a member function getResultArray() on bool
#0 D:\xampp\htdocs\eRanjen\app\Controllers\Kendaraan.php(21): App\Models\Kendaraan_model->join2table()
#1 D:\xampp\htdocs\eRanjen\system\CodeIgniter.php(825): App\Controllers\Kendaraan->index()
#2 D:\xampp\htdocs\eRanjen\system\CodeIgniter.php(412): CodeIgniter\CodeIgniter->runController(Object(App\Controllers\Kendaraan))
#3 D:\xampp\htdocs\eRanjen\system\CodeIgniter.php(320): CodeIgniter\CodeIgniter->handleRequest(NULL, Object(Config\Cache), false)
#4 D:\xampp\htdocs\eRanjen\public\index.php(37): CodeIgniter\CodeIgniter->run()
#5 {main}
ERROR - 2022-02-11 01:07:23 --> Unknown column 'master_bbm_jenis.mbj_nama' in 'field list'
CRITICAL - 2022-02-11 01:07:23 --> Call to a member function getResultArray() on bool
#0 D:\xampp\htdocs\eRanjen\app\Controllers\Kendaraan.php(21): App\Models\Kendaraan_model->join2table()
#1 D:\xampp\htdocs\eRanjen\system\CodeIgniter.php(825): App\Controllers\Kendaraan->index()
#2 D:\xampp\htdocs\eRanjen\system\CodeIgniter.php(412): CodeIgniter\CodeIgniter->runController(Object(App\Controllers\Kendaraan))
#3 D:\xampp\htdocs\eRanjen\system\CodeIgniter.php(320): CodeIgniter\CodeIgniter->handleRequest(NULL, Object(Config\Cache), false)
#4 D:\xampp\htdocs\eRanjen\public\index.php(37): CodeIgniter\CodeIgniter->run()
#5 {main}
ERROR - 2022-02-11 01:07:23 --> Unknown column 'master_bbm_jenis.mbj_nama' in 'field list'
CRITICAL - 2022-02-11 01:07:23 --> Call to a member function getResultArray() on bool
#0 D:\xampp\htdocs\eRanjen\app\Controllers\Kendaraan.php(21): App\Models\Kendaraan_model->join2table()
#1 D:\xampp\htdocs\eRanjen\system\CodeIgniter.php(825): App\Controllers\Kendaraan->index()
#2 D:\xampp\htdocs\eRanjen\system\CodeIgniter.php(412): CodeIgniter\CodeIgniter->runController(Object(App\Controllers\Kendaraan))
#3 D:\xampp\htdocs\eRanjen\system\CodeIgniter.php(320): CodeIgniter\CodeIgniter->handleRequest(NULL, Object(Config\Cache), false)
#4 D:\xampp\htdocs\eRanjen\public\index.php(37): CodeIgniter\CodeIgniter->run()
#5 {main}
ERROR - 2022-02-11 01:07:24 --> Unknown column 'master_bbm_jenis.mbj_nama' in 'field list'
CRITICAL - 2022-02-11 01:07:24 --> Call to a member function getResultArray() on bool
#0 D:\xampp\htdocs\eRanjen\app\Controllers\Kendaraan.php(21): App\Models\Kendaraan_model->join2table()
#1 D:\xampp\htdocs\eRanjen\system\CodeIgniter.php(825): App\Controllers\Kendaraan->index()
#2 D:\xampp\htdocs\eRanjen\system\CodeIgniter.php(412): CodeIgniter\CodeIgniter->runController(Object(App\Controllers\Kendaraan))
#3 D:\xampp\htdocs\eRanjen\system\CodeIgniter.php(320): CodeIgniter\CodeIgniter->handleRequest(NULL, Object(Config\Cache), false)
#4 D:\xampp\htdocs\eRanjen\public\index.php(37): CodeIgniter\CodeIgniter->run()
#5 {main}
ERROR - 2022-02-11 01:07:31 --> Unknown column 'master_bbm_jenis.mbj_nama' in 'field list'
CRITICAL - 2022-02-11 01:07:31 --> Call to a member function getResultArray() on bool
#0 D:\xampp\htdocs\eRanjen\app\Controllers\Kendaraan.php(21): App\Models\Kendaraan_model->join2table()
#1 D:\xampp\htdocs\eRanjen\system\CodeIgniter.php(825): App\Controllers\Kendaraan->index()
#2 D:\xampp\htdocs\eRanjen\system\CodeIgniter.php(412): CodeIgniter\CodeIgniter->runController(Object(App\Controllers\Kendaraan))
#3 D:\xampp\htdocs\eRanjen\system\CodeIgniter.php(320): CodeIgniter\CodeIgniter->handleRequest(NULL, Object(Config\Cache), false)
#4 D:\xampp\htdocs\eRanjen\public\index.php(37): CodeIgniter\CodeIgniter->run()
#5 {main}
ERROR - 2022-02-11 01:07:41 --> Unknown column 'master_bbm_jenis.mbj_nama' in 'field list'
ERROR - 2022-02-11 01:07:45 --> Unknown column 'master_bbm_jenis.mbj_nama' in 'field list'
ERROR - 2022-02-11 01:09:46 --> Not unique table/alias: 'master_bbm_jenis'
CRITICAL - 2022-02-11 01:09:46 --> Call to a member function getResultArray() on bool
#0 D:\xampp\htdocs\eRanjen\app\Controllers\Kendaraan.php(21): App\Models\Kendaraan_model->join2table()
#1 D:\xampp\htdocs\eRanjen\system\CodeIgniter.php(825): App\Controllers\Kendaraan->index()
#2 D:\xampp\htdocs\eRanjen\system\CodeIgniter.php(412): CodeIgniter\CodeIgniter->runController(Object(App\Controllers\Kendaraan))
#3 D:\xampp\htdocs\eRanjen\system\CodeIgniter.php(320): CodeIgniter\CodeIgniter->handleRequest(NULL, Object(Config\Cache), false)
#4 D:\xampp\htdocs\eRanjen\public\index.php(37): CodeIgniter\CodeIgniter->run()
#5 {main}
ERROR - 2022-02-11 02:03:32 --> Unknown column 'master_ran_jen.mrj_id' in 'on clause'
CRITICAL - 2022-02-11 02:03:32 --> Call to a member function getResultArray() on bool
#0 D:\xampp\htdocs\eRanjen\app\Controllers\Kendaraan.php(21): App\Models\Kendaraan_model->join2table()
#1 D:\xampp\htdocs\eRanjen\system\CodeIgniter.php(825): App\Controllers\Kendaraan->index()
#2 D:\xampp\htdocs\eRanjen\system\CodeIgniter.php(412): CodeIgniter\CodeIgniter->runController(Object(App\Controllers\Kendaraan))
#3 D:\xampp\htdocs\eRanjen\system\CodeIgniter.php(320): CodeIgniter\CodeIgniter->handleRequest(NULL, Object(Config\Cache), false)
#4 D:\xampp\htdocs\eRanjen\public\index.php(37): CodeIgniter\CodeIgniter->run()
#5 D:\xampp\htdocs\eRanjen\system\Commands\Server\rewrite.php(43): require_once('D:\\xampp\\htdocs...')
#6 {main}
CRITICAL - 2022-02-11 02:17:42 --> Array to string conversion
#0 D:\xampp\htdocs\eRanjen\app\Views\view_kendaraan.php(34): CodeIgniter\Debug\Exceptions->errorHandler(2, 'Array to string...', 'D:\\xampp\\htdocs...', 34)
#1 D:\xampp\htdocs\eRanjen\system\View\View.php(210): include('D:\\xampp\\htdocs...')
#2 D:\xampp\htdocs\eRanjen\system\View\View.php(213): CodeIgniter\View\View->CodeIgniter\View\{closure}()
#3 D:\xampp\htdocs\eRanjen\system\Common.php(1089): CodeIgniter\View\View->render('view_kendaraan', Array, true)
#4 D:\xampp\htdocs\eRanjen\app\Controllers\Kendaraan.php(32): view('view_kendaraan', Array)
#5 D:\xampp\htdocs\eRanjen\system\CodeIgniter.php(825): App\Controllers\Kendaraan->index()
#6 D:\xampp\htdocs\eRanjen\system\CodeIgniter.php(412): CodeIgniter\CodeIgniter->runController(Object(App\Controllers\Kendaraan))
#7 D:\xampp\htdocs\eRanjen\system\CodeIgniter.php(320): CodeIgniter\CodeIgniter->handleRequest(NULL, Object(Config\Cache), false)
#8 D:\xampp\htdocs\eRanjen\public\index.php(37): CodeIgniter\CodeIgniter->run()
#9 D:\xampp\htdocs\eRanjen\system\Commands\Server\rewrite.php(43): require_once('D:\\xampp\\htdocs...')
#10 {main}
CRITICAL - 2022-02-11 02:17:58 --> Array to string conversion
#0 D:\xampp\htdocs\eRanjen\app\Views\view_kendaraan.php(35): CodeIgniter\Debug\Exceptions->errorHandler(2, 'Array to string...', 'D:\\xampp\\htdocs...', 35)
#1 D:\xampp\htdocs\eRanjen\system\View\View.php(210): include('D:\\xampp\\htdocs...')
#2 D:\xampp\htdocs\eRanjen\system\View\View.php(213): CodeIgniter\View\View->CodeIgniter\View\{closure}()
#3 D:\xampp\htdocs\eRanjen\system\Common.php(1089): CodeIgniter\View\View->render('view_kendaraan', Array, true)
#4 D:\xampp\htdocs\eRanjen\app\Controllers\Kendaraan.php(32): view('view_kendaraan', Array)
#5 D:\xampp\htdocs\eRanjen\system\CodeIgniter.php(825): App\Controllers\Kendaraan->index()
#6 D:\xampp\htdocs\eRanjen\system\CodeIgniter.php(412): CodeIgniter\CodeIgniter->runController(Object(App\Controllers\Kendaraan))
#7 D:\xampp\htdocs\eRanjen\system\CodeIgniter.php(320): CodeIgniter\CodeIgniter->handleRequest(NULL, Object(Config\Cache), false)
#8 D:\xampp\htdocs\eRanjen\public\index.php(37): CodeIgniter\CodeIgniter->run()
#9 D:\xampp\htdocs\eRanjen\system\Commands\Server\rewrite.php(43): require_once('D:\\xampp\\htdocs...')
#10 {main}
CRITICAL - 2022-02-11 02:19:50 --> Undefined array key "ran_id"
#0 D:\xampp\htdocs\eRanjen\app\Views\view_kendaraan.php(46): CodeIgniter\Debug\Exceptions->errorHandler(2, 'Undefined array...', 'D:\\xampp\\htdocs...', 46)
#1 D:\xampp\htdocs\eRanjen\system\View\View.php(210): include('D:\\xampp\\htdocs...')
#2 D:\xampp\htdocs\eRanjen\system\View\View.php(213): CodeIgniter\View\View->CodeIgniter\View\{closure}()
#3 D:\xampp\htdocs\eRanjen\system\Common.php(1089): CodeIgniter\View\View->render('view_kendaraan', Array, true)
#4 D:\xampp\htdocs\eRanjen\app\Controllers\Kendaraan.php(32): view('view_kendaraan', Array)
#5 D:\xampp\htdocs\eRanjen\system\CodeIgniter.php(825): App\Controllers\Kendaraan->index()
#6 D:\xampp\htdocs\eRanjen\system\CodeIgniter.php(412): CodeIgniter\CodeIgniter->runController(Object(App\Controllers\Kendaraan))
#7 D:\xampp\htdocs\eRanjen\system\CodeIgniter.php(320): CodeIgniter\CodeIgniter->handleRequest(NULL, Object(Config\Cache), false)
#8 D:\xampp\htdocs\eRanjen\public\index.php(37): CodeIgniter\CodeIgniter->run()
#9 D:\xampp\htdocs\eRanjen\system\Commands\Server\rewrite.php(43): require_once('D:\\xampp\\htdocs...')
#10 {main}
CRITICAL - 2022-02-11 02:20:22 --> Undefined array key "ran_bbm_jenis"
#0 D:\xampp\htdocs\eRanjen\app\Views\view_kendaraan.php(46): CodeIgniter\Debug\Exceptions->errorHandler(2, 'Undefined array...', 'D:\\xampp\\htdocs...', 46)
#1 D:\xampp\htdocs\eRanjen\system\View\View.php(210): include('D:\\xampp\\htdocs...')
#2 D:\xampp\htdocs\eRanjen\system\View\View.php(213): CodeIgniter\View\View->CodeIgniter\View\{closure}()
#3 D:\xampp\htdocs\eRanjen\system\Common.php(1089): CodeIgniter\View\View->render('view_kendaraan', Array, true)
#4 D:\xampp\htdocs\eRanjen\app\Controllers\Kendaraan.php(32): view('view_kendaraan', Array)
#5 D:\xampp\htdocs\eRanjen\system\CodeIgniter.php(825): App\Controllers\Kendaraan->index()
#6 D:\xampp\htdocs\eRanjen\system\CodeIgniter.php(412): CodeIgniter\CodeIgniter->runController(Object(App\Controllers\Kendaraan))
#7 D:\xampp\htdocs\eRanjen\system\CodeIgniter.php(320): CodeIgniter\CodeIgniter->handleRequest(NULL, Object(Config\Cache), false)
#8 D:\xampp\htdocs\eRanjen\public\index.php(37): CodeIgniter\CodeIgniter->run()
#9 D:\xampp\htdocs\eRanjen\system\Commands\Server\rewrite.php(43): require_once('D:\\xampp\\htdocs...')
#10 {main}
CRITICAL - 2022-02-11 02:25:04 --> Undefined array key "mbj_bbmnama"
#0 D:\xampp\htdocs\eRanjen\app\Views\view_kendaraan.php(39): CodeIgniter\Debug\Exceptions->errorHandler(2, 'Undefined array...', 'D:\\xampp\\htdocs...', 39)
#1 D:\xampp\htdocs\eRanjen\system\View\View.php(210): include('D:\\xampp\\htdocs...')
#2 D:\xampp\htdocs\eRanjen\system\View\View.php(213): CodeIgniter\View\View->CodeIgniter\View\{closure}()
#3 D:\xampp\htdocs\eRanjen\system\Common.php(1089): CodeIgniter\View\View->render('view_kendaraan', Array, true)
#4 D:\xampp\htdocs\eRanjen\app\Controllers\Kendaraan.php(32): view('view_kendaraan', Array)
#5 D:\xampp\htdocs\eRanjen\system\CodeIgniter.php(825): App\Controllers\Kendaraan->index()
#6 D:\xampp\htdocs\eRanjen\system\CodeIgniter.php(412): CodeIgniter\CodeIgniter->runController(Object(App\Controllers\Kendaraan))
#7 D:\xampp\htdocs\eRanjen\system\CodeIgniter.php(320): CodeIgniter\CodeIgniter->handleRequest(NULL, Object(Config\Cache), false)
#8 D:\xampp\htdocs\eRanjen\public\index.php(37): CodeIgniter\CodeIgniter->run()
#9 D:\xampp\htdocs\eRanjen\system\Commands\Server\rewrite.php(43): require_once('D:\\xampp\\htdocs...')
#10 {main}
CRITICAL - 2022-02-11 02:52:13 --> Undefined array key "ran_kondisi"
#0 D:\xampp\htdocs\eRanjen\app\Views\view_kendaraan.php(44): CodeIgniter\Debug\Exceptions->errorHandler(2, 'Undefined array...', 'D:\\xampp\\htdocs...', 44)
#1 D:\xampp\htdocs\eRanjen\system\View\View.php(210): include('D:\\xampp\\htdocs...')
#2 D:\xampp\htdocs\eRanjen\system\View\View.php(213): CodeIgniter\View\View->CodeIgniter\View\{closure}()
#3 D:\xampp\htdocs\eRanjen\system\Common.php(1089): CodeIgniter\View\View->render('view_kendaraan', Array, true)
#4 D:\xampp\htdocs\eRanjen\app\Controllers\Kendaraan.php(32): view('view_kendaraan', Array)
#5 D:\xampp\htdocs\eRanjen\system\CodeIgniter.php(825): App\Controllers\Kendaraan->index()
#6 D:\xampp\htdocs\eRanjen\system\CodeIgniter.php(412): CodeIgniter\CodeIgniter->runController(Object(App\Controllers\Kendaraan))
#7 D:\xampp\htdocs\eRanjen\system\CodeIgniter.php(320): CodeIgniter\CodeIgniter->handleRequest(NULL, Object(Config\Cache), false)
#8 D:\xampp\htdocs\eRanjen\public\index.php(37): CodeIgniter\CodeIgniter->run()
#9 D:\xampp\htdocs\eRanjen\system\Commands\Server\rewrite.php(43): require_once('D:\\xampp\\htdocs...')
#10 {main}
ERROR - 2022-02-11 02:53:24 --> Unknown column 'master_kondisi.mkon_nama' in 'field list'
CRITICAL - 2022-02-11 02:53:24 --> Call to a member function getResultArray() on bool
#0 D:\xampp\htdocs\eRanjen\app\Controllers\Kendaraan.php(21): App\Models\Kendaraan_model->join2table()
#1 D:\xampp\htdocs\eRanjen\system\CodeIgniter.php(825): App\Controllers\Kendaraan->index()
#2 D:\xampp\htdocs\eRanjen\system\CodeIgniter.php(412): CodeIgniter\CodeIgniter->runController(Object(App\Controllers\Kendaraan))
#3 D:\xampp\htdocs\eRanjen\system\CodeIgniter.php(320): CodeIgniter\CodeIgniter->handleRequest(NULL, Object(Config\Cache), false)
#4 D:\xampp\htdocs\eRanjen\public\index.php(37): CodeIgniter\CodeIgniter->run()
#5 D:\xampp\htdocs\eRanjen\system\Commands\Server\rewrite.php(43): require_once('D:\\xampp\\htdocs...')
#6 {main}
CRITICAL - 2022-02-11 02:57:45 --> Undefined array key "mkon_id"
#0 D:\xampp\htdocs\eRanjen\app\Views\view_kendaraan.php(208): CodeIgniter\Debug\Exceptions->errorHandler(2, 'Undefined array...', 'D:\\xampp\\htdocs...', 208)
#1 D:\xampp\htdocs\eRanjen\system\View\View.php(210): include('D:\\xampp\\htdocs...')
#2 D:\xampp\htdocs\eRanjen\system\View\View.php(213): CodeIgniter\View\View->CodeIgniter\View\{closure}()
#3 D:\xampp\htdocs\eRanjen\system\Common.php(1089): CodeIgniter\View\View->render('view_kendaraan', Array, true)
#4 D:\xampp\htdocs\eRanjen\app\Controllers\Kendaraan.php(34): view('view_kendaraan', Array)
#5 D:\xampp\htdocs\eRanjen\system\CodeIgniter.php(825): App\Controllers\Kendaraan->index()
#6 D:\xampp\htdocs\eRanjen\system\CodeIgniter.php(412): CodeIgniter\CodeIgniter->runController(Object(App\Controllers\Kendaraan))
#7 D:\xampp\htdocs\eRanjen\system\CodeIgniter.php(320): CodeIgniter\CodeIgniter->handleRequest(NULL, Object(Config\Cache), false)
#8 D:\xampp\htdocs\eRanjen\public\index.php(37): CodeIgniter\CodeIgniter->run()
#9 D:\xampp\htdocs\eRanjen\system\Commands\Server\rewrite.php(43): require_once('D:\\xampp\\htdocs...')
#10 {main}
CRITICAL - 2022-02-11 02:58:22 --> Undefined array key "mkon_id"
#0 D:\xampp\htdocs\eRanjen\app\Views\view_kendaraan.php(208): CodeIgniter\Debug\Exceptions->errorHandler(2, 'Undefined array...', 'D:\\xampp\\htdocs...', 208)
#1 D:\xampp\htdocs\eRanjen\system\View\View.php(210): include('D:\\xampp\\htdocs...')
#2 D:\xampp\htdocs\eRanjen\system\View\View.php(213): CodeIgniter\View\View->CodeIgniter\View\{closure}()
#3 D:\xampp\htdocs\eRanjen\system\Common.php(1089): CodeIgniter\View\View->render('view_kendaraan', Array, true)
#4 D:\xampp\htdocs\eRanjen\app\Controllers\Kendaraan.php(34): view('view_kendaraan', Array)
#5 D:\xampp\htdocs\eRanjen\system\CodeIgniter.php(825): App\Controllers\Kendaraan->index()
#6 D:\xampp\htdocs\eRanjen\system\CodeIgniter.php(412): CodeIgniter\CodeIgniter->runController(Object(App\Controllers\Kendaraan))
#7 D:\xampp\htdocs\eRanjen\system\CodeIgniter.php(320): CodeIgniter\CodeIgniter->handleRequest(NULL, Object(Config\Cache), false)
#8 D:\xampp\htdocs\eRanjen\public\index.php(37): CodeIgniter\CodeIgniter->run()
#9 D:\xampp\htdocs\eRanjen\system\Commands\Server\rewrite.php(43): require_once('D:\\xampp\\htdocs...')
#10 {main}
CRITICAL - 2022-02-11 02:58:46 --> Undefined array key "mkon_id"
#0 D:\xampp\htdocs\eRanjen\app\Views\view_kendaraan.php(208): CodeIgniter\Debug\Exceptions->errorHandler(2, 'Undefined array...', 'D:\\xampp\\htdocs...', 208)
#1 D:\xampp\htdocs\eRanjen\system\View\View.php(210): include('D:\\xampp\\htdocs...')
#2 D:\xampp\htdocs\eRanjen\system\View\View.php(213): CodeIgniter\View\View->CodeIgniter\View\{closure}()
#3 D:\xampp\htdocs\eRanjen\system\Common.php(1089): CodeIgniter\View\View->render('view_kendaraan', Array, true)
#4 D:\xampp\htdocs\eRanjen\app\Controllers\Kendaraan.php(34): view('view_kendaraan', Array)
#5 D:\xampp\htdocs\eRanjen\system\CodeIgniter.php(825): App\Controllers\Kendaraan->index()
#6 D:\xampp\htdocs\eRanjen\system\CodeIgniter.php(412): CodeIgniter\CodeIgniter->runController(Object(App\Controllers\Kendaraan))
#7 D:\xampp\htdocs\eRanjen\system\CodeIgniter.php(320): CodeIgniter\CodeIgniter->handleRequest(NULL, Object(Config\Cache), false)
#8 D:\xampp\htdocs\eRanjen\public\index.php(37): CodeIgniter\CodeIgniter->run()
#9 D:\xampp\htdocs\eRanjen\system\Commands\Server\rewrite.php(43): require_once('D:\\xampp\\htdocs...')
#10 {main}
CRITICAL - 2022-02-11 02:59:30 --> Undefined array key "mkon_id"
#0 D:\xampp\htdocs\eRanjen\app\Views\view_kendaraan.php(208): CodeIgniter\Debug\Exceptions->errorHandler(2, 'Undefined array...', 'D:\\xampp\\htdocs...', 208)
#1 D:\xampp\htdocs\eRanjen\system\View\View.php(210): include('D:\\xampp\\htdocs...')
#2 D:\xampp\htdocs\eRanjen\system\View\View.php(213): CodeIgniter\View\View->CodeIgniter\View\{closure}()
#3 D:\xampp\htdocs\eRanjen\system\Common.php(1089): CodeIgniter\View\View->render('view_kendaraan', Array, true)
#4 D:\xampp\htdocs\eRanjen\app\Controllers\Kendaraan.php(34): view('view_kendaraan', Array)
#5 D:\xampp\htdocs\eRanjen\system\CodeIgniter.php(825): App\Controllers\Kendaraan->index()
#6 D:\xampp\htdocs\eRanjen\system\CodeIgniter.php(412): CodeIgniter\CodeIgniter->runController(Object(App\Controllers\Kendaraan))
#7 D:\xampp\htdocs\eRanjen\system\CodeIgniter.php(320): CodeIgniter\CodeIgniter->handleRequest(NULL, Object(Config\Cache), false)
#8 D:\xampp\htdocs\eRanjen\public\index.php(37): CodeIgniter\CodeIgniter->run()
#9 D:\xampp\htdocs\eRanjen\system\Commands\Server\rewrite.php(43): require_once('D:\\xampp\\htdocs...')
#10 {main}
CRITICAL - 2022-02-11 03:01:01 --> Undefined array key "mkon_id"
#0 D:\xampp\htdocs\eRanjen\app\Views\view_kendaraan.php(208): CodeIgniter\Debug\Exceptions->errorHandler(2, 'Undefined array...', 'D:\\xampp\\htdocs...', 208)
#1 D:\xampp\htdocs\eRanjen\system\View\View.php(210): include('D:\\xampp\\htdocs...')
#2 D:\xampp\htdocs\eRanjen\system\View\View.php(213): CodeIgniter\View\View->CodeIgniter\View\{closure}()
#3 D:\xampp\htdocs\eRanjen\system\Common.php(1089): CodeIgniter\View\View->render('view_kendaraan', Array, true)
#4 D:\xampp\htdocs\eRanjen\app\Controllers\Kendaraan.php(34): view('view_kendaraan', Array)
#5 D:\xampp\htdocs\eRanjen\system\CodeIgniter.php(825): App\Controllers\Kendaraan->index()
#6 D:\xampp\htdocs\eRanjen\system\CodeIgniter.php(412): CodeIgniter\CodeIgniter->runController(Object(App\Controllers\Kendaraan))
#7 D:\xampp\htdocs\eRanjen\system\CodeIgniter.php(320): CodeIgniter\CodeIgniter->handleRequest(NULL, Object(Config\Cache), false)
#8 D:\xampp\htdocs\eRanjen\public\index.php(37): CodeIgniter\CodeIgniter->run()
#9 D:\xampp\htdocs\eRanjen\system\Commands\Server\rewrite.php(43): require_once('D:\\xampp\\htdocs...')
#10 {main}
CRITICAL - 2022-02-11 03:08:47 --> Undefined array key "mkon_id"
#0 D:\xampp\htdocs\eRanjen\app\Views\view_kendaraan.php(125): CodeIgniter\Debug\Exceptions->errorHandler(2, 'Undefined array...', 'D:\\xampp\\htdocs...', 125)
#1 D:\xampp\htdocs\eRanjen\system\View\View.php(210): include('D:\\xampp\\htdocs...')
#2 D:\xampp\htdocs\eRanjen\system\View\View.php(213): CodeIgniter\View\View->CodeIgniter\View\{closure}()
#3 D:\xampp\htdocs\eRanjen\system\Common.php(1089): CodeIgniter\View\View->render('view_kendaraan', Array, true)
#4 D:\xampp\htdocs\eRanjen\app\Controllers\Kendaraan.php(34): view('view_kendaraan', Array)
#5 D:\xampp\htdocs\eRanjen\system\CodeIgniter.php(825): App\Controllers\Kendaraan->index()
#6 D:\xampp\htdocs\eRanjen\system\CodeIgniter.php(412): CodeIgniter\CodeIgniter->runController(Object(App\Controllers\Kendaraan))
#7 D:\xampp\htdocs\eRanjen\system\CodeIgniter.php(320): CodeIgniter\CodeIgniter->handleRequest(NULL, Object(Config\Cache), false)
#8 D:\xampp\htdocs\eRanjen\public\index.php(37): CodeIgniter\CodeIgniter->run()
#9 D:\xampp\htdocs\eRanjen\system\Commands\Server\rewrite.php(43): require_once('D:\\xampp\\htdocs...')
#10 {main}
CRITICAL - 2022-02-11 03:08:50 --> Undefined array key "mkon_id"
#0 D:\xampp\htdocs\eRanjen\app\Views\view_kendaraan.php(125): CodeIgniter\Debug\Exceptions->errorHandler(2, 'Undefined array...', 'D:\\xampp\\htdocs...', 125)
#1 D:\xampp\htdocs\eRanjen\system\View\View.php(210): include('D:\\xampp\\htdocs...')
#2 D:\xampp\htdocs\eRanjen\system\View\View.php(213): CodeIgniter\View\View->CodeIgniter\View\{closure}()
#3 D:\xampp\htdocs\eRanjen\system\Common.php(1089): CodeIgniter\View\View->render('view_kendaraan', Array, true)
#4 D:\xampp\htdocs\eRanjen\app\Controllers\Kendaraan.php(34): view('view_kendaraan', Array)
#5 D:\xampp\htdocs\eRanjen\system\CodeIgniter.php(825): App\Controllers\Kendaraan->index()
#6 D:\xampp\htdocs\eRanjen\system\CodeIgniter.php(412): CodeIgniter\CodeIgniter->runController(Object(App\Controllers\Kendaraan))
#7 D:\xampp\htdocs\eRanjen\system\CodeIgniter.php(320): CodeIgniter\CodeIgniter->handleRequest(NULL, Object(Config\Cache), false)
#8 D:\xampp\htdocs\eRanjen\public\index.php(37): CodeIgniter\CodeIgniter->run()
#9 D:\xampp\htdocs\eRanjen\system\Commands\Server\rewrite.php(43): require_once('D:\\xampp\\htdocs...')
#10 {main}
CRITICAL - 2022-02-11 03:18:16 --> Undefined array key "mbj_id "
#0 D:\xampp\htdocs\eRanjen\app\Views\view_kendaraan.php(109): CodeIgniter\Debug\Exceptions->errorHandler(2, 'Undefined array...', 'D:\\xampp\\htdocs...', 109)
#1 D:\xampp\htdocs\eRanjen\system\View\View.php(210): include('D:\\xampp\\htdocs...')
#2 D:\xampp\htdocs\eRanjen\system\View\View.php(213): CodeIgniter\View\View->CodeIgniter\View\{closure}()
#3 D:\xampp\htdocs\eRanjen\system\Common.php(1089): CodeIgniter\View\View->render('view_kendaraan', Array, true)
#4 D:\xampp\htdocs\eRanjen\app\Controllers\Kendaraan.php(34): view('view_kendaraan', Array)
#5 D:\xampp\htdocs\eRanjen\system\CodeIgniter.php(825): App\Controllers\Kendaraan->index()
#6 D:\xampp\htdocs\eRanjen\system\CodeIgniter.php(412): CodeIgniter\CodeIgniter->runController(Object(App\Controllers\Kendaraan))
#7 D:\xampp\htdocs\eRanjen\system\CodeIgniter.php(320): CodeIgniter\CodeIgniter->handleRequest(NULL, Object(Config\Cache), false)
#8 D:\xampp\htdocs\eRanjen\public\index.php(37): CodeIgniter\CodeIgniter->run()
#9 D:\xampp\htdocs\eRanjen\system\Commands\Server\rewrite.php(43): require_once('D:\\xampp\\htdocs...')
#10 {main}
CRITICAL - 2022-02-11 03:23:04 --> Undefined array key "mbj_bbmnama"
#0 D:\xampp\htdocs\eRanjen\app\Views\view_kendaraan.php(109): CodeIgniter\Debug\Exceptions->errorHandler(2, 'Undefined array...', 'D:\\xampp\\htdocs...', 109)
#1 D:\xampp\htdocs\eRanjen\system\View\View.php(210): include('D:\\xampp\\htdocs...')
#2 D:\xampp\htdocs\eRanjen\system\View\View.php(213): CodeIgniter\View\View->CodeIgniter\View\{closure}()
#3 D:\xampp\htdocs\eRanjen\system\Common.php(1089): CodeIgniter\View\View->render('view_kendaraan', Array, true)
#4 D:\xampp\htdocs\eRanjen\app\Controllers\Kendaraan.php(34): view('view_kendaraan', Array)
#5 D:\xampp\htdocs\eRanjen\system\CodeIgniter.php(825): App\Controllers\Kendaraan->index()
#6 D:\xampp\htdocs\eRanjen\system\CodeIgniter.php(412): CodeIgniter\CodeIgniter->runController(Object(App\Controllers\Kendaraan))
#7 D:\xampp\htdocs\eRanjen\system\CodeIgniter.php(320): CodeIgniter\CodeIgniter->handleRequest(NULL, Object(Config\Cache), false)
#8 D:\xampp\htdocs\eRanjen\public\index.php(37): CodeIgniter\CodeIgniter->run()
#9 D:\xampp\htdocs\eRanjen\system\Commands\Server\rewrite.php(43): require_once('D:\\xampp\\htdocs...')
#10 {main}
CRITICAL - 2022-02-11 03:34:18 --> Undefined array key "mkon_id "
#0 D:\xampp\htdocs\eRanjen\app\Views\view_kendaraan.php(48): CodeIgniter\Debug\Exceptions->errorHandler(2, 'Undefined array...', 'D:\\xampp\\htdocs...', 48)
#1 D:\xampp\htdocs\eRanjen\system\View\View.php(210): include('D:\\xampp\\htdocs...')
#2 D:\xampp\htdocs\eRanjen\system\View\View.php(213): CodeIgniter\View\View->CodeIgniter\View\{closure}()
#3 D:\xampp\htdocs\eRanjen\system\Common.php(1089): CodeIgniter\View\View->render('view_kendaraan', Array, true)
#4 D:\xampp\htdocs\eRanjen\app\Controllers\Kendaraan.php(34): view('view_kendaraan', Array)
#5 D:\xampp\htdocs\eRanjen\system\CodeIgniter.php(825): App\Controllers\Kendaraan->index()
#6 D:\xampp\htdocs\eRanjen\system\CodeIgniter.php(412): CodeIgniter\CodeIgniter->runController(Object(App\Controllers\Kendaraan))
#7 D:\xampp\htdocs\eRanjen\system\CodeIgniter.php(320): CodeIgniter\CodeIgniter->handleRequest(NULL, Object(Config\Cache), false)
#8 D:\xampp\htdocs\eRanjen\public\index.php(37): CodeIgniter\CodeIgniter->run()
#9 D:\xampp\htdocs\eRanjen\system\Commands\Server\rewrite.php(43): require_once('D:\\xampp\\htdocs...')
#10 {main}
CRITICAL - 2022-02-11 03:34:50 --> Undefined array key "mkon_id"
#0 D:\xampp\htdocs\eRanjen\app\Views\view_kendaraan.php(48): CodeIgniter\Debug\Exceptions->errorHandler(2, 'Undefined array...', 'D:\\xampp\\htdocs...', 48)
#1 D:\xampp\htdocs\eRanjen\system\View\View.php(210): include('D:\\xampp\\htdocs...')
#2 D:\xampp\htdocs\eRanjen\system\View\View.php(213): CodeIgniter\View\View->CodeIgniter\View\{closure}()
#3 D:\xampp\htdocs\eRanjen\system\Common.php(1089): CodeIgniter\View\View->render('view_kendaraan', Array, true)
#4 D:\xampp\htdocs\eRanjen\app\Controllers\Kendaraan.php(34): view('view_kendaraan', Array)
#5 D:\xampp\htdocs\eRanjen\system\CodeIgniter.php(825): App\Controllers\Kendaraan->index()
#6 D:\xampp\htdocs\eRanjen\system\CodeIgniter.php(412): CodeIgniter\CodeIgniter->runController(Object(App\Controllers\Kendaraan))
#7 D:\xampp\htdocs\eRanjen\system\CodeIgniter.php(320): CodeIgniter\CodeIgniter->handleRequest(NULL, Object(Config\Cache), false)
#8 D:\xampp\htdocs\eRanjen\public\index.php(37): CodeIgniter\CodeIgniter->run()
#9 D:\xampp\htdocs\eRanjen\system\Commands\Server\rewrite.php(43): require_once('D:\\xampp\\htdocs...')
#10 {main}
CRITICAL - 2022-02-11 03:44:24 --> foreach() argument must be of type array|object, null given
#0 D:\xampp\htdocs\eRanjen\app\Views\view_kendaraan.php(35): CodeIgniter\Debug\Exceptions->errorHandler(2, 'foreach() argum...', 'D:\\xampp\\htdocs...', 35)
#1 D:\xampp\htdocs\eRanjen\system\View\View.php(210): include('D:\\xampp\\htdocs...')
#2 D:\xampp\htdocs\eRanjen\system\View\View.php(213): CodeIgniter\View\View->CodeIgniter\View\{closure}()
#3 D:\xampp\htdocs\eRanjen\system\Common.php(1089): CodeIgniter\View\View->render('view_kendaraan', Array, true)
#4 D:\xampp\htdocs\eRanjen\app\Controllers\Kendaraan.php(34): view('view_kendaraan', Array)
#5 D:\xampp\htdocs\eRanjen\system\CodeIgniter.php(825): App\Controllers\Kendaraan->index()
#6 D:\xampp\htdocs\eRanjen\system\CodeIgniter.php(412): CodeIgniter\CodeIgniter->runController(Object(App\Controllers\Kendaraan))
#7 D:\xampp\htdocs\eRanjen\system\CodeIgniter.php(320): CodeIgniter\CodeIgniter->handleRequest(NULL, Object(Config\Cache), false)
#8 D:\xampp\htdocs\eRanjen\public\index.php(37): CodeIgniter\CodeIgniter->run()
#9 D:\xampp\htdocs\eRanjen\system\Commands\Server\rewrite.php(43): require_once('D:\\xampp\\htdocs...')
#10 {main}
CRITICAL - 2022-02-11 03:45:14 --> foreach() argument must be of type array|object, null given
#0 D:\xampp\htdocs\eRanjen\app\Views\view_kendaraan.php(35): CodeIgniter\Debug\Exceptions->errorHandler(2, 'foreach() argum...', 'D:\\xampp\\htdocs...', 35)
#1 D:\xampp\htdocs\eRanjen\system\View\View.php(210): include('D:\\xampp\\htdocs...')
#2 D:\xampp\htdocs\eRanjen\system\View\View.php(213): CodeIgniter\View\View->CodeIgniter\View\{closure}()
#3 D:\xampp\htdocs\eRanjen\system\Common.php(1089): CodeIgniter\View\View->render('view_kendaraan', Array, true)
#4 D:\xampp\htdocs\eRanjen\app\Controllers\Kendaraan.php(34): view('view_kendaraan', Array)
#5 D:\xampp\htdocs\eRanjen\system\CodeIgniter.php(825): App\Controllers\Kendaraan->index()
#6 D:\xampp\htdocs\eRanjen\system\CodeIgniter.php(412): CodeIgniter\CodeIgniter->runController(Object(App\Controllers\Kendaraan))
#7 D:\xampp\htdocs\eRanjen\system\CodeIgniter.php(320): CodeIgniter\CodeIgniter->handleRequest(NULL, Object(Config\Cache), false)
#8 D:\xampp\htdocs\eRanjen\public\index.php(37): CodeIgniter\CodeIgniter->run()
#9 D:\xampp\htdocs\eRanjen\system\Commands\Server\rewrite.php(43): require_once('D:\\xampp\\htdocs...')
#10 {main}
CRITICAL - 2022-02-11 03:58:35 --> Undefined array key "mrj_id"
#0 D:\xampp\htdocs\eRanjen\app\Views\view_kendaraan.php(48): CodeIgniter\Debug\Exceptions->errorHandler(2, 'Undefined array...', 'D:\\xampp\\htdocs...', 48)
#1 D:\xampp\htdocs\eRanjen\system\View\View.php(210): include('D:\\xampp\\htdocs...')
#2 D:\xampp\htdocs\eRanjen\system\View\View.php(213): CodeIgniter\View\View->CodeIgniter\View\{closure}()
#3 D:\xampp\htdocs\eRanjen\system\Common.php(1089): CodeIgniter\View\View->render('view_kendaraan', Array, true)
#4 D:\xampp\htdocs\eRanjen\app\Controllers\Kendaraan.php(34): view('view_kendaraan', Array)
#5 D:\xampp\htdocs\eRanjen\system\CodeIgniter.php(825): App\Controllers\Kendaraan->index()
#6 D:\xampp\htdocs\eRanjen\system\CodeIgniter.php(412): CodeIgniter\CodeIgniter->runController(Object(App\Controllers\Kendaraan))
#7 D:\xampp\htdocs\eRanjen\system\CodeIgniter.php(320): CodeIgniter\CodeIgniter->handleRequest(NULL, Object(Config\Cache), false)
#8 D:\xampp\htdocs\eRanjen\public\index.php(37): CodeIgniter\CodeIgniter->run()
#9 D:\xampp\htdocs\eRanjen\system\Commands\Server\rewrite.php(43): require_once('D:\\xampp\\htdocs...')
#10 {main}
CRITICAL - 2022-02-11 03:59:24 --> Undefined array key "mrj_id "
#0 D:\xampp\htdocs\eRanjen\app\Views\view_kendaraan.php(117): CodeIgniter\Debug\Exceptions->errorHandler(2, 'Undefined array...', 'D:\\xampp\\htdocs...', 117)
#1 D:\xampp\htdocs\eRanjen\system\View\View.php(210): include('D:\\xampp\\htdocs...')
#2 D:\xampp\htdocs\eRanjen\system\View\View.php(213): CodeIgniter\View\View->CodeIgniter\View\{closure}()
#3 D:\xampp\htdocs\eRanjen\system\Common.php(1089): CodeIgniter\View\View->render('view_kendaraan', Array, true)
#4 D:\xampp\htdocs\eRanjen\app\Controllers\Kendaraan.php(34): view('view_kendaraan', Array)
#5 D:\xampp\htdocs\eRanjen\system\CodeIgniter.php(825): App\Controllers\Kendaraan->index()
#6 D:\xampp\htdocs\eRanjen\system\CodeIgniter.php(412): CodeIgniter\CodeIgniter->runController(Object(App\Controllers\Kendaraan))
#7 D:\xampp\htdocs\eRanjen\system\CodeIgniter.php(320): CodeIgniter\CodeIgniter->handleRequest(NULL, Object(Config\Cache), false)
#8 D:\xampp\htdocs\eRanjen\public\index.php(37): CodeIgniter\CodeIgniter->run()
#9 D:\xampp\htdocs\eRanjen\system\Commands\Server\rewrite.php(43): require_once('D:\\xampp\\htdocs...')
#10 {main}
CRITICAL - 2022-02-11 04:01:44 --> Undefined array key "mrt_id"
#0 D:\xampp\htdocs\eRanjen\app\Views\view_kendaraan.php(48): CodeIgniter\Debug\Exceptions->errorHandler(2, 'Undefined array...', 'D:\\xampp\\htdocs...', 48)
#1 D:\xampp\htdocs\eRanjen\system\View\View.php(210): include('D:\\xampp\\htdocs...')
#2 D:\xampp\htdocs\eRanjen\system\View\View.php(213): CodeIgniter\View\View->CodeIgniter\View\{closure}()
#3 D:\xampp\htdocs\eRanjen\system\Common.php(1089): CodeIgniter\View\View->render('view_kendaraan', Array, true)
#4 D:\xampp\htdocs\eRanjen\app\Controllers\Kendaraan.php(34): view('view_kendaraan', Array)
#5 D:\xampp\htdocs\eRanjen\system\CodeIgniter.php(825): App\Controllers\Kendaraan->index()
#6 D:\xampp\htdocs\eRanjen\system\CodeIgniter.php(412): CodeIgniter\CodeIgniter->runController(Object(App\Controllers\Kendaraan))
#7 D:\xampp\htdocs\eRanjen\system\CodeIgniter.php(320): CodeIgniter\CodeIgniter->handleRequest(NULL, Object(Config\Cache), false)
#8 D:\xampp\htdocs\eRanjen\public\index.php(37): CodeIgniter\CodeIgniter->run()
#9 D:\xampp\htdocs\eRanjen\system\Commands\Server\rewrite.php(43): require_once('D:\\xampp\\htdocs...')
#10 {main}
ERROR - 2022-02-11 04:19:28 --> Unknown column 'mbj_id' in 'field list'
ERROR - 2022-02-11 04:19:34 --> Unknown column 'mbj_id' in 'field list'
ERROR - 2022-02-11 04:19:40 --> Unknown column 'mbj_id' in 'field list'
ERROR - 2022-02-11 04:20:59 --> Unknown column 'mbj_id' in 'field list'
ERROR - 2022-02-11 04:21:04 --> Unknown column 'mbj_id' in 'field list'
ERROR - 2022-02-11 04:21:09 --> Unknown column 'mbj_id' in 'field list'
ERROR - 2022-02-11 04:21:16 --> Unknown column 'mbj_id' in 'field list'
ERROR - 2022-02-11 04:22:13 --> Unknown column 'mbj_id' in 'field list'
ERROR - 2022-02-11 04:22:18 --> Unknown column 'mbj_id' in 'field list'
ERROR - 2022-02-11 04:27:45 --> Unknown column 'mwil_id' in 'field list'
ERROR - 2022-02-11 04:27:51 --> Unknown column 'mwil_id' in 'field list'
ERROR - 2022-02-11 04:27:57 --> Unknown column 'mwil_id' in 'field list'
ERROR - 2022-02-11 04:28:32 --> Unknown column 'mbj_id' in 'field list'
ERROR - 2022-02-11 04:28:37 --> Unknown column 'mbj_id' in 'field list'
ERROR - 2022-02-11 04:29:33 --> Unknown column 'mwil_id' in 'field list'
