CRITICAL - 2022-02-10 10:53:27 --> Undefined variable $data
#0 D:\xampp\htdocs\eRanjen\app\Controllers\Kendaraan.php(14): CodeIgniter\Debug\Exceptions->errorHandler(2, 'Undefined varia...', 'D:\\xampp\\htdocs...', 14)
#1 D:\xampp\htdocs\eRanjen\system\CodeIgniter.php(825): App\Controllers\Kendaraan->index()
#2 D:\xampp\htdocs\eRanjen\system\CodeIgniter.php(412): CodeIgniter\CodeIgniter->runController(Object(App\Controllers\Kendaraan))
#3 D:\xampp\htdocs\eRanjen\system\CodeIgniter.php(320): CodeIgniter\CodeIgniter->handleRequest(NULL, Object(Config\Cache), false)
#4 D:\xampp\htdocs\eRanjen\public\index.php(37): CodeIgniter\CodeIgniter->run()
#5 D:\xampp\htdocs\eRanjen\system\Commands\Server\rewrite.php(43): require_once('D:\\xampp\\htdocs...')
#6 {main}
CRITICAL - 2022-02-10 10:53:28 --> Undefined variable $data
#0 D:\xampp\htdocs\eRanjen\app\Controllers\Kendaraan.php(14): CodeIgniter\Debug\Exceptions->errorHandler(2, 'Undefined varia...', 'D:\\xampp\\htdocs...', 14)
#1 D:\xampp\htdocs\eRanjen\system\CodeIgniter.php(825): App\Controllers\Kendaraan->index()
#2 D:\xampp\htdocs\eRanjen\system\CodeIgniter.php(412): CodeIgniter\CodeIgniter->runController(Object(App\Controllers\Kendaraan))
#3 D:\xampp\htdocs\eRanjen\system\CodeIgniter.php(320): CodeIgniter\CodeIgniter->handleRequest(NULL, Object(Config\Cache), false)
#4 D:\xampp\htdocs\eRanjen\public\index.php(37): CodeIgniter\CodeIgniter->run()
#5 D:\xampp\htdocs\eRanjen\system\Commands\Server\rewrite.php(43): require_once('D:\\xampp\\htdocs...')
#6 {main}
CRITICAL - 2022-02-10 10:53:54 --> Undefined variable $getSPBU
#0 D:\xampp\htdocs\eRanjen\app\Views\view_kendaraan.php(29): CodeIgniter\Debug\Exceptions->errorHandler(2, 'Undefined varia...', 'D:\\xampp\\htdocs...', 29)
#1 D:\xampp\htdocs\eRanjen\system\View\View.php(210): include('D:\\xampp\\htdocs...')
#2 D:\xampp\htdocs\eRanjen\system\View\View.php(213): CodeIgniter\View\View->CodeIgniter\View\{closure}()
#3 D:\xampp\htdocs\eRanjen\system\Common.php(1089): CodeIgniter\View\View->render('view_kendaraan', Array, true)
#4 D:\xampp\htdocs\eRanjen\app\Controllers\Kendaraan.php(15): view('view_kendaraan')
#5 D:\xampp\htdocs\eRanjen\system\CodeIgniter.php(825): App\Controllers\Kendaraan->index()
#6 D:\xampp\htdocs\eRanjen\system\CodeIgniter.php(412): CodeIgniter\CodeIgniter->runController(Object(App\Controllers\Kendaraan))
#7 D:\xampp\htdocs\eRanjen\system\CodeIgniter.php(320): CodeIgniter\CodeIgniter->handleRequest(NULL, Object(Config\Cache), false)
#8 D:\xampp\htdocs\eRanjen\public\index.php(37): CodeIgniter\CodeIgniter->run()
#9 D:\xampp\htdocs\eRanjen\system\Commands\Server\rewrite.php(43): require_once('D:\\xampp\\htdocs...')
#10 {main}
CRITICAL - 2022-02-10 14:12:03 --> You must set the database table to be used with your query.
#0 D:\xampp\htdocs\eRanjen\system\Model.php(545): CodeIgniter\Database\BaseConnection->table(NULL)
#1 D:\xampp\htdocs\eRanjen\system\Model.php(722): CodeIgniter\Model->builder()
#2 D:\xampp\htdocs\eRanjen\app\Controllers\Kendaraan.php(19): CodeIgniter\Model->__call('tampil_kendaraa...', Array)
#3 D:\xampp\htdocs\eRanjen\system\CodeIgniter.php(825): App\Controllers\Kendaraan->index()
#4 D:\xampp\htdocs\eRanjen\system\CodeIgniter.php(412): CodeIgniter\CodeIgniter->runController(Object(App\Controllers\Kendaraan))
#5 D:\xampp\htdocs\eRanjen\system\CodeIgniter.php(320): CodeIgniter\CodeIgniter->handleRequest(NULL, Object(Config\Cache), false)
#6 D:\xampp\htdocs\eRanjen\public\index.php(37): CodeIgniter\CodeIgniter->run()
#7 D:\xampp\htdocs\eRanjen\system\Commands\Server\rewrite.php(43): require_once('D:\\xampp\\htdocs...')
#8 {main}
CRITICAL - 2022-02-10 14:12:38 --> You must set the database table to be used with your query.
#0 D:\xampp\htdocs\eRanjen\system\Model.php(545): CodeIgniter\Database\BaseConnection->table(NULL)
#1 D:\xampp\htdocs\eRanjen\system\Model.php(722): CodeIgniter\Model->builder()
#2 D:\xampp\htdocs\eRanjen\app\Controllers\Kendaraan.php(19): CodeIgniter\Model->__call('tampil_kendaraa...', Array)
#3 D:\xampp\htdocs\eRanjen\system\CodeIgniter.php(825): App\Controllers\Kendaraan->index()
#4 D:\xampp\htdocs\eRanjen\system\CodeIgniter.php(412): CodeIgniter\CodeIgniter->runController(Object(App\Controllers\Kendaraan))
#5 D:\xampp\htdocs\eRanjen\system\CodeIgniter.php(320): CodeIgniter\CodeIgniter->handleRequest(NULL, Object(Config\Cache), false)
#6 D:\xampp\htdocs\eRanjen\public\index.php(37): CodeIgniter\CodeIgniter->run()
#7 D:\xampp\htdocs\eRanjen\system\Commands\Server\rewrite.php(43): require_once('D:\\xampp\\htdocs...')
#8 {main}
CRITICAL - 2022-02-10 14:13:23 --> Undefined variable $resultkendaraan
#0 D:\xampp\htdocs\eRanjen\app\Controllers\Kendaraan.php(17): CodeIgniter\Debug\Exceptions->errorHandler(2, 'Undefined varia...', 'D:\\xampp\\htdocs...', 17)
#1 D:\xampp\htdocs\eRanjen\system\CodeIgniter.php(825): App\Controllers\Kendaraan->index()
#2 D:\xampp\htdocs\eRanjen\system\CodeIgniter.php(412): CodeIgniter\CodeIgniter->runController(Object(App\Controllers\Kendaraan))
#3 D:\xampp\htdocs\eRanjen\system\CodeIgniter.php(320): CodeIgniter\CodeIgniter->handleRequest(NULL, Object(Config\Cache), false)
#4 D:\xampp\htdocs\eRanjen\public\index.php(37): CodeIgniter\CodeIgniter->run()
#5 D:\xampp\htdocs\eRanjen\system\Commands\Server\rewrite.php(43): require_once('D:\\xampp\\htdocs...')
#6 {main}
CRITICAL - 2022-02-10 14:13:24 --> Undefined variable $resultkendaraan
#0 D:\xampp\htdocs\eRanjen\app\Controllers\Kendaraan.php(17): CodeIgniter\Debug\Exceptions->errorHandler(2, 'Undefined varia...', 'D:\\xampp\\htdocs...', 17)
#1 D:\xampp\htdocs\eRanjen\system\CodeIgniter.php(825): App\Controllers\Kendaraan->index()
#2 D:\xampp\htdocs\eRanjen\system\CodeIgniter.php(412): CodeIgniter\CodeIgniter->runController(Object(App\Controllers\Kendaraan))
#3 D:\xampp\htdocs\eRanjen\system\CodeIgniter.php(320): CodeIgniter\CodeIgniter->handleRequest(NULL, Object(Config\Cache), false)
#4 D:\xampp\htdocs\eRanjen\public\index.php(37): CodeIgniter\CodeIgniter->run()
#5 D:\xampp\htdocs\eRanjen\system\Commands\Server\rewrite.php(43): require_once('D:\\xampp\\htdocs...')
#6 {main}
CRITICAL - 2022-02-10 14:13:43 --> You must set the database table to be used with your query.
#0 D:\xampp\htdocs\eRanjen\system\Model.php(545): CodeIgniter\Database\BaseConnection->table(NULL)
#1 D:\xampp\htdocs\eRanjen\system\Model.php(722): CodeIgniter\Model->builder()
#2 D:\xampp\htdocs\eRanjen\app\Controllers\Kendaraan.php(15): CodeIgniter\Model->__call('tampil_kendaraa...', Array)
#3 D:\xampp\htdocs\eRanjen\system\CodeIgniter.php(825): App\Controllers\Kendaraan->index()
#4 D:\xampp\htdocs\eRanjen\system\CodeIgniter.php(412): CodeIgniter\CodeIgniter->runController(Object(App\Controllers\Kendaraan))
#5 D:\xampp\htdocs\eRanjen\system\CodeIgniter.php(320): CodeIgniter\CodeIgniter->handleRequest(NULL, Object(Config\Cache), false)
#6 D:\xampp\htdocs\eRanjen\public\index.php(37): CodeIgniter\CodeIgniter->run()
#7 D:\xampp\htdocs\eRanjen\system\Commands\Server\rewrite.php(43): require_once('D:\\xampp\\htdocs...')
#8 {main}
CRITICAL - 2022-02-10 14:15:00 --> You must set the database table to be used with your query.
#0 D:\xampp\htdocs\eRanjen\system\Model.php(545): CodeIgniter\Database\BaseConnection->table(NULL)
#1 D:\xampp\htdocs\eRanjen\system\Model.php(722): CodeIgniter\Model->builder()
#2 D:\xampp\htdocs\eRanjen\app\Controllers\Kendaraan.php(15): CodeIgniter\Model->__call('tampil_kendaraa...', Array)
#3 D:\xampp\htdocs\eRanjen\system\CodeIgniter.php(825): App\Controllers\Kendaraan->index()
#4 D:\xampp\htdocs\eRanjen\system\CodeIgniter.php(412): CodeIgniter\CodeIgniter->runController(Object(App\Controllers\Kendaraan))
#5 D:\xampp\htdocs\eRanjen\system\CodeIgniter.php(320): CodeIgniter\CodeIgniter->handleRequest(NULL, Object(Config\Cache), false)
#6 D:\xampp\htdocs\eRanjen\public\index.php(37): CodeIgniter\CodeIgniter->run()
#7 D:\xampp\htdocs\eRanjen\system\Commands\Server\rewrite.php(43): require_once('D:\\xampp\\htdocs...')
#8 {main}
CRITICAL - 2022-02-10 14:15:01 --> You must set the database table to be used with your query.
#0 D:\xampp\htdocs\eRanjen\system\Model.php(545): CodeIgniter\Database\BaseConnection->table(NULL)
#1 D:\xampp\htdocs\eRanjen\system\Model.php(722): CodeIgniter\Model->builder()
#2 D:\xampp\htdocs\eRanjen\app\Controllers\Kendaraan.php(15): CodeIgniter\Model->__call('tampil_kendaraa...', Array)
#3 D:\xampp\htdocs\eRanjen\system\CodeIgniter.php(825): App\Controllers\Kendaraan->index()
#4 D:\xampp\htdocs\eRanjen\system\CodeIgniter.php(412): CodeIgniter\CodeIgniter->runController(Object(App\Controllers\Kendaraan))
#5 D:\xampp\htdocs\eRanjen\system\CodeIgniter.php(320): CodeIgniter\CodeIgniter->handleRequest(NULL, Object(Config\Cache), false)
#6 D:\xampp\htdocs\eRanjen\public\index.php(37): CodeIgniter\CodeIgniter->run()
#7 D:\xampp\htdocs\eRanjen\system\Commands\Server\rewrite.php(43): require_once('D:\\xampp\\htdocs...')
#8 {main}
CRITICAL - 2022-02-10 14:15:01 --> You must set the database table to be used with your query.
#0 D:\xampp\htdocs\eRanjen\system\Model.php(545): CodeIgniter\Database\BaseConnection->table(NULL)
#1 D:\xampp\htdocs\eRanjen\system\Model.php(722): CodeIgniter\Model->builder()
#2 D:\xampp\htdocs\eRanjen\app\Controllers\Kendaraan.php(15): CodeIgniter\Model->__call('tampil_kendaraa...', Array)
#3 D:\xampp\htdocs\eRanjen\system\CodeIgniter.php(825): App\Controllers\Kendaraan->index()
#4 D:\xampp\htdocs\eRanjen\system\CodeIgniter.php(412): CodeIgniter\CodeIgniter->runController(Object(App\Controllers\Kendaraan))
#5 D:\xampp\htdocs\eRanjen\system\CodeIgniter.php(320): CodeIgniter\CodeIgniter->handleRequest(NULL, Object(Config\Cache), false)
#6 D:\xampp\htdocs\eRanjen\public\index.php(37): CodeIgniter\CodeIgniter->run()
#7 D:\xampp\htdocs\eRanjen\system\Commands\Server\rewrite.php(43): require_once('D:\\xampp\\htdocs...')
#8 {main}
CRITICAL - 2022-02-10 14:15:14 --> You must set the database table to be used with your query.
#0 D:\xampp\htdocs\eRanjen\system\Model.php(545): CodeIgniter\Database\BaseConnection->table(NULL)
#1 D:\xampp\htdocs\eRanjen\system\Model.php(722): CodeIgniter\Model->builder()
#2 D:\xampp\htdocs\eRanjen\app\Controllers\Kendaraan.php(14): CodeIgniter\Model->__call('tampil_bbm', Array)
#3 D:\xampp\htdocs\eRanjen\system\CodeIgniter.php(825): App\Controllers\Kendaraan->index()
#4 D:\xampp\htdocs\eRanjen\system\CodeIgniter.php(412): CodeIgniter\CodeIgniter->runController(Object(App\Controllers\Kendaraan))
#5 D:\xampp\htdocs\eRanjen\system\CodeIgniter.php(320): CodeIgniter\CodeIgniter->handleRequest(NULL, Object(Config\Cache), false)
#6 D:\xampp\htdocs\eRanjen\public\index.php(37): CodeIgniter\CodeIgniter->run()
#7 D:\xampp\htdocs\eRanjen\system\Commands\Server\rewrite.php(43): require_once('D:\\xampp\\htdocs...')
#8 {main}
CRITICAL - 2022-02-10 14:15:15 --> You must set the database table to be used with your query.
#0 D:\xampp\htdocs\eRanjen\system\Model.php(545): CodeIgniter\Database\BaseConnection->table(NULL)
#1 D:\xampp\htdocs\eRanjen\system\Model.php(722): CodeIgniter\Model->builder()
#2 D:\xampp\htdocs\eRanjen\app\Controllers\Kendaraan.php(14): CodeIgniter\Model->__call('tampil_bbm', Array)
#3 D:\xampp\htdocs\eRanjen\system\CodeIgniter.php(825): App\Controllers\Kendaraan->index()
#4 D:\xampp\htdocs\eRanjen\system\CodeIgniter.php(412): CodeIgniter\CodeIgniter->runController(Object(App\Controllers\Kendaraan))
#5 D:\xampp\htdocs\eRanjen\system\CodeIgniter.php(320): CodeIgniter\CodeIgniter->handleRequest(NULL, Object(Config\Cache), false)
#6 D:\xampp\htdocs\eRanjen\public\index.php(37): CodeIgniter\CodeIgniter->run()
#7 D:\xampp\htdocs\eRanjen\system\Commands\Server\rewrite.php(43): require_once('D:\\xampp\\htdocs...')
#8 {main}
CRITICAL - 2022-02-10 14:15:26 --> You must set the database table to be used with your query.
#0 D:\xampp\htdocs\eRanjen\system\Model.php(545): CodeIgniter\Database\BaseConnection->table(NULL)
#1 D:\xampp\htdocs\eRanjen\system\Model.php(722): CodeIgniter\Model->builder()
#2 D:\xampp\htdocs\eRanjen\app\Controllers\Kendaraan.php(14): CodeIgniter\Model->__call('tampil_bbm', Array)
#3 D:\xampp\htdocs\eRanjen\system\CodeIgniter.php(825): App\Controllers\Kendaraan->index()
#4 D:\xampp\htdocs\eRanjen\system\CodeIgniter.php(412): CodeIgniter\CodeIgniter->runController(Object(App\Controllers\Kendaraan))
#5 D:\xampp\htdocs\eRanjen\system\CodeIgniter.php(320): CodeIgniter\CodeIgniter->handleRequest(NULL, Object(Config\Cache), false)
#6 D:\xampp\htdocs\eRanjen\public\index.php(37): CodeIgniter\CodeIgniter->run()
#7 D:\xampp\htdocs\eRanjen\system\Commands\Server\rewrite.php(43): require_once('D:\\xampp\\htdocs...')
#8 {main}
CRITICAL - 2022-02-10 14:15:58 --> You must set the database table to be used with your query.
#0 D:\xampp\htdocs\eRanjen\system\Model.php(545): CodeIgniter\Database\BaseConnection->table(NULL)
#1 D:\xampp\htdocs\eRanjen\system\Model.php(722): CodeIgniter\Model->builder()
#2 D:\xampp\htdocs\eRanjen\app\Controllers\Kendaraan.php(15): CodeIgniter\Model->__call('tampil_kendaraa...', Array)
#3 D:\xampp\htdocs\eRanjen\system\CodeIgniter.php(825): App\Controllers\Kendaraan->index()
#4 D:\xampp\htdocs\eRanjen\system\CodeIgniter.php(412): CodeIgniter\CodeIgniter->runController(Object(App\Controllers\Kendaraan))
#5 D:\xampp\htdocs\eRanjen\system\CodeIgniter.php(320): CodeIgniter\CodeIgniter->handleRequest(NULL, Object(Config\Cache), false)
#6 D:\xampp\htdocs\eRanjen\public\index.php(37): CodeIgniter\CodeIgniter->run()
#7 D:\xampp\htdocs\eRanjen\system\Commands\Server\rewrite.php(43): require_once('D:\\xampp\\htdocs...')
#8 {main}
CRITICAL - 2022-02-10 14:16:02 --> You must set the database table to be used with your query.
#0 D:\xampp\htdocs\eRanjen\system\Model.php(545): CodeIgniter\Database\BaseConnection->table(NULL)
#1 D:\xampp\htdocs\eRanjen\system\Model.php(722): CodeIgniter\Model->builder()
#2 D:\xampp\htdocs\eRanjen\app\Controllers\Kendaraan.php(15): CodeIgniter\Model->__call('tampil_kendaraa...', Array)
#3 D:\xampp\htdocs\eRanjen\system\CodeIgniter.php(825): App\Controllers\Kendaraan->index()
#4 D:\xampp\htdocs\eRanjen\system\CodeIgniter.php(412): CodeIgniter\CodeIgniter->runController(Object(App\Controllers\Kendaraan))
#5 D:\xampp\htdocs\eRanjen\system\CodeIgniter.php(320): CodeIgniter\CodeIgniter->handleRequest(NULL, Object(Config\Cache), false)
#6 D:\xampp\htdocs\eRanjen\public\index.php(37): CodeIgniter\CodeIgniter->run()
#7 D:\xampp\htdocs\eRanjen\system\Commands\Server\rewrite.php(43): require_once('D:\\xampp\\htdocs...')
#8 {main}
CRITICAL - 2022-02-10 14:16:34 --> You must set the database table to be used with your query.
#0 D:\xampp\htdocs\eRanjen\system\Model.php(545): CodeIgniter\Database\BaseConnection->table(NULL)
#1 D:\xampp\htdocs\eRanjen\system\Model.php(722): CodeIgniter\Model->builder()
#2 D:\xampp\htdocs\eRanjen\app\Controllers\Kendaraan.php(15): CodeIgniter\Model->__call('tampil_kendaraa...', Array)
#3 D:\xampp\htdocs\eRanjen\system\CodeIgniter.php(825): App\Controllers\Kendaraan->index()
#4 D:\xampp\htdocs\eRanjen\system\CodeIgniter.php(412): CodeIgniter\CodeIgniter->runController(Object(App\Controllers\Kendaraan))
#5 D:\xampp\htdocs\eRanjen\system\CodeIgniter.php(320): CodeIgniter\CodeIgniter->handleRequest(NULL, Object(Config\Cache), false)
#6 D:\xampp\htdocs\eRanjen\public\index.php(37): CodeIgniter\CodeIgniter->run()
#7 D:\xampp\htdocs\eRanjen\system\Commands\Server\rewrite.php(43): require_once('D:\\xampp\\htdocs...')
#8 {main}
CRITICAL - 2022-02-10 14:16:55 --> You must set the database table to be used with your query.
#0 D:\xampp\htdocs\eRanjen\system\Model.php(545): CodeIgniter\Database\BaseConnection->table(NULL)
#1 D:\xampp\htdocs\eRanjen\system\Model.php(722): CodeIgniter\Model->builder()
#2 D:\xampp\htdocs\eRanjen\app\Controllers\Kendaraan.php(14): CodeIgniter\Model->__call('tampil_kendaraa...', Array)
#3 D:\xampp\htdocs\eRanjen\system\CodeIgniter.php(825): App\Controllers\Kendaraan->index()
#4 D:\xampp\htdocs\eRanjen\system\CodeIgniter.php(412): CodeIgniter\CodeIgniter->runController(Object(App\Controllers\Kendaraan))
#5 D:\xampp\htdocs\eRanjen\system\CodeIgniter.php(320): CodeIgniter\CodeIgniter->handleRequest(NULL, Object(Config\Cache), false)
#6 D:\xampp\htdocs\eRanjen\public\index.php(37): CodeIgniter\CodeIgniter->run()
#7 D:\xampp\htdocs\eRanjen\system\Commands\Server\rewrite.php(43): require_once('D:\\xampp\\htdocs...')
#8 {main}
CRITICAL - 2022-02-10 14:17:45 --> Cannot redeclare App\Models\Kendaraan_model::tampil_kendaraan()
#0 [internal function]: CodeIgniter\Debug\Exceptions->shutdownHandler()
#1 {main}
CRITICAL - 2022-02-10 14:17:57 --> Cannot redeclare App\Models\Kendaraan_model::tampil_kendaraan()
#0 [internal function]: CodeIgniter\Debug\Exceptions->shutdownHandler()
#1 {main}
CRITICAL - 2022-02-10 14:18:30 --> Undefined variable $groupsbbm
#0 D:\xampp\htdocs\eRanjen\app\Views\view_kendaraan.php(170): CodeIgniter\Debug\Exceptions->errorHandler(2, 'Undefined varia...', 'D:\\xampp\\htdocs...', 170)
#1 D:\xampp\htdocs\eRanjen\system\View\View.php(210): include('D:\\xampp\\htdocs...')
#2 D:\xampp\htdocs\eRanjen\system\View\View.php(213): CodeIgniter\View\View->CodeIgniter\View\{closure}()
#3 D:\xampp\htdocs\eRanjen\system\Common.php(1089): CodeIgniter\View\View->render('view_kendaraan', Array, true)
#4 D:\xampp\htdocs\eRanjen\app\Controllers\Kendaraan.php(18): view('view_kendaraan', Array)
#5 D:\xampp\htdocs\eRanjen\system\CodeIgniter.php(825): App\Controllers\Kendaraan->index()
#6 D:\xampp\htdocs\eRanjen\system\CodeIgniter.php(412): CodeIgniter\CodeIgniter->runController(Object(App\Controllers\Kendaraan))
#7 D:\xampp\htdocs\eRanjen\system\CodeIgniter.php(320): CodeIgniter\CodeIgniter->handleRequest(NULL, Object(Config\Cache), false)
#8 D:\xampp\htdocs\eRanjen\public\index.php(37): CodeIgniter\CodeIgniter->run()
#9 D:\xampp\htdocs\eRanjen\system\Commands\Server\rewrite.php(43): require_once('D:\\xampp\\htdocs...')
#10 {main}
CRITICAL - 2022-02-10 14:21:19 --> Undefined variable $groupsranjen
#0 D:\xampp\htdocs\eRanjen\app\Views\view_kendaraan.php(180): CodeIgniter\Debug\Exceptions->errorHandler(2, 'Undefined varia...', 'D:\\xampp\\htdocs...', 180)
#1 D:\xampp\htdocs\eRanjen\system\View\View.php(210): include('D:\\xampp\\htdocs...')
#2 D:\xampp\htdocs\eRanjen\system\View\View.php(213): CodeIgniter\View\View->CodeIgniter\View\{closure}()
#3 D:\xampp\htdocs\eRanjen\system\Common.php(1089): CodeIgniter\View\View->render('view_kendaraan', Array, true)
#4 D:\xampp\htdocs\eRanjen\app\Controllers\Kendaraan.php(20): view('view_kendaraan', Array)
#5 D:\xampp\htdocs\eRanjen\system\CodeIgniter.php(825): App\Controllers\Kendaraan->index()
#6 D:\xampp\htdocs\eRanjen\system\CodeIgniter.php(412): CodeIgniter\CodeIgniter->runController(Object(App\Controllers\Kendaraan))
#7 D:\xampp\htdocs\eRanjen\system\CodeIgniter.php(320): CodeIgniter\CodeIgniter->handleRequest(NULL, Object(Config\Cache), false)
#8 D:\xampp\htdocs\eRanjen\public\index.php(37): CodeIgniter\CodeIgniter->run()
#9 D:\xampp\htdocs\eRanjen\system\Commands\Server\rewrite.php(43): require_once('D:\\xampp\\htdocs...')
#10 {main}
CRITICAL - 2022-02-10 14:25:12 --> Undefined variable $groupsspbu
#0 D:\xampp\htdocs\eRanjen\app\Views\view_kendaraan.php(218): CodeIgniter\Debug\Exceptions->errorHandler(2, 'Undefined varia...', 'D:\\xampp\\htdocs...', 218)
#1 D:\xampp\htdocs\eRanjen\system\View\View.php(210): include('D:\\xampp\\htdocs...')
#2 D:\xampp\htdocs\eRanjen\system\View\View.php(213): CodeIgniter\View\View->CodeIgniter\View\{closure}()
#3 D:\xampp\htdocs\eRanjen\system\Common.php(1089): CodeIgniter\View\View->render('view_kendaraan', Array, true)
#4 D:\xampp\htdocs\eRanjen\app\Controllers\Kendaraan.php(28): view('view_kendaraan', Array)
#5 D:\xampp\htdocs\eRanjen\system\CodeIgniter.php(825): App\Controllers\Kendaraan->index()
#6 D:\xampp\htdocs\eRanjen\system\CodeIgniter.php(412): CodeIgniter\CodeIgniter->runController(Object(App\Controllers\Kendaraan))
#7 D:\xampp\htdocs\eRanjen\system\CodeIgniter.php(320): CodeIgniter\CodeIgniter->handleRequest(NULL, Object(Config\Cache), false)
#8 D:\xampp\htdocs\eRanjen\public\index.php(37): CodeIgniter\CodeIgniter->run()
#9 D:\xampp\htdocs\eRanjen\system\Commands\Server\rewrite.php(43): require_once('D:\\xampp\\htdocs...')
#10 {main}
CRITICAL - 2022-02-10 15:00:11 --> syntax error, unexpected token "if"
#0 D:\xampp\htdocs\eRanjen\system\View\View.php(213): CodeIgniter\View\View->CodeIgniter\View\{closure}()
#1 D:\xampp\htdocs\eRanjen\system\Common.php(1089): CodeIgniter\View\View->render('view_kendaraan', Array, true)
#2 D:\xampp\htdocs\eRanjen\app\Controllers\Kendaraan.php(30): view('view_kendaraan', Array)
#3 D:\xampp\htdocs\eRanjen\system\CodeIgniter.php(825): App\Controllers\Kendaraan->index()
#4 D:\xampp\htdocs\eRanjen\system\CodeIgniter.php(412): CodeIgniter\CodeIgniter->runController(Object(App\Controllers\Kendaraan))
#5 D:\xampp\htdocs\eRanjen\system\CodeIgniter.php(320): CodeIgniter\CodeIgniter->handleRequest(NULL, Object(Config\Cache), false)
#6 D:\xampp\htdocs\eRanjen\public\index.php(37): CodeIgniter\CodeIgniter->run()
#7 D:\xampp\htdocs\eRanjen\system\Commands\Server\rewrite.php(43): require_once('D:\\xampp\\htdocs...')
#8 {main}
CRITICAL - 2022-02-10 15:02:23 --> syntax error, unexpected double-quoted string "PERTAMAX"
#0 D:\xampp\htdocs\eRanjen\system\View\View.php(213): CodeIgniter\View\View->CodeIgniter\View\{closure}()
#1 D:\xampp\htdocs\eRanjen\system\Common.php(1089): CodeIgniter\View\View->render('view_kendaraan', Array, true)
#2 D:\xampp\htdocs\eRanjen\app\Controllers\Kendaraan.php(30): view('view_kendaraan', Array)
#3 D:\xampp\htdocs\eRanjen\system\CodeIgniter.php(825): App\Controllers\Kendaraan->index()
#4 D:\xampp\htdocs\eRanjen\system\CodeIgniter.php(412): CodeIgniter\CodeIgniter->runController(Object(App\Controllers\Kendaraan))
#5 D:\xampp\htdocs\eRanjen\system\CodeIgniter.php(320): CodeIgniter\CodeIgniter->handleRequest(NULL, Object(Config\Cache), false)
#6 D:\xampp\htdocs\eRanjen\public\index.php(37): CodeIgniter\CodeIgniter->run()
#7 D:\xampp\htdocs\eRanjen\system\Commands\Server\rewrite.php(43): require_once('D:\\xampp\\htdocs...')
#8 {main}
CRITICAL - 2022-02-10 15:03:11 --> syntax error, unexpected double-quoted string "PERTAMAX"
#0 D:\xampp\htdocs\eRanjen\system\View\View.php(213): CodeIgniter\View\View->CodeIgniter\View\{closure}()
#1 D:\xampp\htdocs\eRanjen\system\Common.php(1089): CodeIgniter\View\View->render('view_kendaraan', Array, true)
#2 D:\xampp\htdocs\eRanjen\app\Controllers\Kendaraan.php(30): view('view_kendaraan', Array)
#3 D:\xampp\htdocs\eRanjen\system\CodeIgniter.php(825): App\Controllers\Kendaraan->index()
#4 D:\xampp\htdocs\eRanjen\system\CodeIgniter.php(412): CodeIgniter\CodeIgniter->runController(Object(App\Controllers\Kendaraan))
#5 D:\xampp\htdocs\eRanjen\system\CodeIgniter.php(320): CodeIgniter\CodeIgniter->handleRequest(NULL, Object(Config\Cache), false)
#6 D:\xampp\htdocs\eRanjen\public\index.php(37): CodeIgniter\CodeIgniter->run()
#7 D:\xampp\htdocs\eRanjen\system\Commands\Server\rewrite.php(43): require_once('D:\\xampp\\htdocs...')
#8 {main}
CRITICAL - 2022-02-10 15:03:12 --> syntax error, unexpected double-quoted string "PERTAMAX"
#0 D:\xampp\htdocs\eRanjen\system\View\View.php(213): CodeIgniter\View\View->CodeIgniter\View\{closure}()
#1 D:\xampp\htdocs\eRanjen\system\Common.php(1089): CodeIgniter\View\View->render('view_kendaraan', Array, true)
#2 D:\xampp\htdocs\eRanjen\app\Controllers\Kendaraan.php(30): view('view_kendaraan', Array)
#3 D:\xampp\htdocs\eRanjen\system\CodeIgniter.php(825): App\Controllers\Kendaraan->index()
#4 D:\xampp\htdocs\eRanjen\system\CodeIgniter.php(412): CodeIgniter\CodeIgniter->runController(Object(App\Controllers\Kendaraan))
#5 D:\xampp\htdocs\eRanjen\system\CodeIgniter.php(320): CodeIgniter\CodeIgniter->handleRequest(NULL, Object(Config\Cache), false)
#6 D:\xampp\htdocs\eRanjen\public\index.php(37): CodeIgniter\CodeIgniter->run()
#7 D:\xampp\htdocs\eRanjen\system\Commands\Server\rewrite.php(43): require_once('D:\\xampp\\htdocs...')
#8 {main}
CRITICAL - 2022-02-10 15:03:26 --> syntax error, unexpected double-quoted string "PERTAMAX"
#0 D:\xampp\htdocs\eRanjen\system\View\View.php(213): CodeIgniter\View\View->CodeIgniter\View\{closure}()
#1 D:\xampp\htdocs\eRanjen\system\Common.php(1089): CodeIgniter\View\View->render('view_kendaraan', Array, true)
#2 D:\xampp\htdocs\eRanjen\app\Controllers\Kendaraan.php(30): view('view_kendaraan', Array)
#3 D:\xampp\htdocs\eRanjen\system\CodeIgniter.php(825): App\Controllers\Kendaraan->index()
#4 D:\xampp\htdocs\eRanjen\system\CodeIgniter.php(412): CodeIgniter\CodeIgniter->runController(Object(App\Controllers\Kendaraan))
#5 D:\xampp\htdocs\eRanjen\system\CodeIgniter.php(320): CodeIgniter\CodeIgniter->handleRequest(NULL, Object(Config\Cache), false)
#6 D:\xampp\htdocs\eRanjen\public\index.php(37): CodeIgniter\CodeIgniter->run()
#7 D:\xampp\htdocs\eRanjen\system\Commands\Server\rewrite.php(43): require_once('D:\\xampp\\htdocs...')
#8 {main}
CRITICAL - 2022-02-10 15:03:32 --> Undefined variable $sran_bbm_jenis
#0 D:\xampp\htdocs\eRanjen\app\Views\view_kendaraan.php(38): CodeIgniter\Debug\Exceptions->errorHandler(2, 'Undefined varia...', 'D:\\xampp\\htdocs...', 38)
#1 D:\xampp\htdocs\eRanjen\system\View\View.php(210): include('D:\\xampp\\htdocs...')
#2 D:\xampp\htdocs\eRanjen\system\View\View.php(213): CodeIgniter\View\View->CodeIgniter\View\{closure}()
#3 D:\xampp\htdocs\eRanjen\system\Common.php(1089): CodeIgniter\View\View->render('view_kendaraan', Array, true)
#4 D:\xampp\htdocs\eRanjen\app\Controllers\Kendaraan.php(30): view('view_kendaraan', Array)
#5 D:\xampp\htdocs\eRanjen\system\CodeIgniter.php(825): App\Controllers\Kendaraan->index()
#6 D:\xampp\htdocs\eRanjen\system\CodeIgniter.php(412): CodeIgniter\CodeIgniter->runController(Object(App\Controllers\Kendaraan))
#7 D:\xampp\htdocs\eRanjen\system\CodeIgniter.php(320): CodeIgniter\CodeIgniter->handleRequest(NULL, Object(Config\Cache), false)
#8 D:\xampp\htdocs\eRanjen\public\index.php(37): CodeIgniter\CodeIgniter->run()
#9 D:\xampp\htdocs\eRanjen\system\Commands\Server\rewrite.php(43): require_once('D:\\xampp\\htdocs...')
#10 {main}
CRITICAL - 2022-02-10 15:16:41 --> syntax error, unexpected token ")", expecting "->" or "?->" or "{" or "["
#0 D:\xampp\htdocs\eRanjen\system\View\View.php(213): CodeIgniter\View\View->CodeIgniter\View\{closure}()
#1 D:\xampp\htdocs\eRanjen\system\Common.php(1089): CodeIgniter\View\View->render('view_kendaraan', Array, true)
#2 D:\xampp\htdocs\eRanjen\app\Controllers\Kendaraan.php(30): view('view_kendaraan', Array)
#3 D:\xampp\htdocs\eRanjen\system\CodeIgniter.php(825): App\Controllers\Kendaraan->index()
#4 D:\xampp\htdocs\eRanjen\system\CodeIgniter.php(412): CodeIgniter\CodeIgniter->runController(Object(App\Controllers\Kendaraan))
#5 D:\xampp\htdocs\eRanjen\system\CodeIgniter.php(320): CodeIgniter\CodeIgniter->handleRequest(NULL, Object(Config\Cache), false)
#6 D:\xampp\htdocs\eRanjen\public\index.php(37): CodeIgniter\CodeIgniter->run()
#7 D:\xampp\htdocs\eRanjen\system\Commands\Server\rewrite.php(43): require_once('D:\\xampp\\htdocs...')
#8 {main}
CRITICAL - 2022-02-10 15:16:59 --> syntax error, unexpected token ")", expecting "->" or "?->" or "{" or "["
#0 D:\xampp\htdocs\eRanjen\system\View\View.php(213): CodeIgniter\View\View->CodeIgniter\View\{closure}()
#1 D:\xampp\htdocs\eRanjen\system\Common.php(1089): CodeIgniter\View\View->render('view_kendaraan', Array, true)
#2 D:\xampp\htdocs\eRanjen\app\Controllers\Kendaraan.php(30): view('view_kendaraan', Array)
#3 D:\xampp\htdocs\eRanjen\system\CodeIgniter.php(825): App\Controllers\Kendaraan->index()
#4 D:\xampp\htdocs\eRanjen\system\CodeIgniter.php(412): CodeIgniter\CodeIgniter->runController(Object(App\Controllers\Kendaraan))
#5 D:\xampp\htdocs\eRanjen\system\CodeIgniter.php(320): CodeIgniter\CodeIgniter->handleRequest(NULL, Object(Config\Cache), false)
#6 D:\xampp\htdocs\eRanjen\public\index.php(37): CodeIgniter\CodeIgniter->run()
#7 D:\xampp\htdocs\eRanjen\system\Commands\Server\rewrite.php(43): require_once('D:\\xampp\\htdocs...')
#8 {main}
CRITICAL - 2022-02-10 15:24:19 --> Undefined variable $isi
#0 D:\xampp\htdocs\eRanjen\app\Views\view_kendaraan.php(34): CodeIgniter\Debug\Exceptions->errorHandler(2, 'Undefined varia...', 'D:\\xampp\\htdocs...', 34)
#1 D:\xampp\htdocs\eRanjen\system\View\View.php(210): include('D:\\xampp\\htdocs...')
#2 D:\xampp\htdocs\eRanjen\system\View\View.php(213): CodeIgniter\View\View->CodeIgniter\View\{closure}()
#3 D:\xampp\htdocs\eRanjen\system\Common.php(1089): CodeIgniter\View\View->render('view_kendaraan', Array, true)
#4 D:\xampp\htdocs\eRanjen\app\Controllers\Kendaraan.php(30): view('view_kendaraan', Array)
#5 D:\xampp\htdocs\eRanjen\system\CodeIgniter.php(825): App\Controllers\Kendaraan->index()
#6 D:\xampp\htdocs\eRanjen\system\CodeIgniter.php(412): CodeIgniter\CodeIgniter->runController(Object(App\Controllers\Kendaraan))
#7 D:\xampp\htdocs\eRanjen\system\CodeIgniter.php(320): CodeIgniter\CodeIgniter->handleRequest(NULL, Object(Config\Cache), false)
#8 D:\xampp\htdocs\eRanjen\public\index.php(37): CodeIgniter\CodeIgniter->run()
#9 D:\xampp\htdocs\eRanjen\system\Commands\Server\rewrite.php(43): require_once('D:\\xampp\\htdocs...')
#10 {main}
CRITICAL - 2022-02-10 15:24:36 --> Undefined array key "ran_bbm_jenis"
#0 D:\xampp\htdocs\eRanjen\app\Views\view_kendaraan.php(34): CodeIgniter\Debug\Exceptions->errorHandler(2, 'Undefined array...', 'D:\\xampp\\htdocs...', 34)
#1 D:\xampp\htdocs\eRanjen\system\View\View.php(210): include('D:\\xampp\\htdocs...')
#2 D:\xampp\htdocs\eRanjen\system\View\View.php(213): CodeIgniter\View\View->CodeIgniter\View\{closure}()
#3 D:\xampp\htdocs\eRanjen\system\Common.php(1089): CodeIgniter\View\View->render('view_kendaraan', Array, true)
#4 D:\xampp\htdocs\eRanjen\app\Controllers\Kendaraan.php(30): view('view_kendaraan', Array)
#5 D:\xampp\htdocs\eRanjen\system\CodeIgniter.php(825): App\Controllers\Kendaraan->index()
#6 D:\xampp\htdocs\eRanjen\system\CodeIgniter.php(412): CodeIgniter\CodeIgniter->runController(Object(App\Controllers\Kendaraan))
#7 D:\xampp\htdocs\eRanjen\system\CodeIgniter.php(320): CodeIgniter\CodeIgniter->handleRequest(NULL, Object(Config\Cache), false)
#8 D:\xampp\htdocs\eRanjen\public\index.php(37): CodeIgniter\CodeIgniter->run()
#9 D:\xampp\htdocs\eRanjen\system\Commands\Server\rewrite.php(43): require_once('D:\\xampp\\htdocs...')
#10 {main}
CRITICAL - 2022-02-10 15:24:44 --> Undefined array key "ran_bbm_jenis"
#0 D:\xampp\htdocs\eRanjen\app\Views\view_kendaraan.php(34): CodeIgniter\Debug\Exceptions->errorHandler(2, 'Undefined array...', 'D:\\xampp\\htdocs...', 34)
#1 D:\xampp\htdocs\eRanjen\system\View\View.php(210): include('D:\\xampp\\htdocs...')
#2 D:\xampp\htdocs\eRanjen\system\View\View.php(213): CodeIgniter\View\View->CodeIgniter\View\{closure}()
#3 D:\xampp\htdocs\eRanjen\system\Common.php(1089): CodeIgniter\View\View->render('view_kendaraan', Array, true)
#4 D:\xampp\htdocs\eRanjen\app\Controllers\Kendaraan.php(30): view('view_kendaraan', Array)
#5 D:\xampp\htdocs\eRanjen\system\CodeIgniter.php(825): App\Controllers\Kendaraan->index()
#6 D:\xampp\htdocs\eRanjen\system\CodeIgniter.php(412): CodeIgniter\CodeIgniter->runController(Object(App\Controllers\Kendaraan))
#7 D:\xampp\htdocs\eRanjen\system\CodeIgniter.php(320): CodeIgniter\CodeIgniter->handleRequest(NULL, Object(Config\Cache), false)
#8 D:\xampp\htdocs\eRanjen\public\index.php(37): CodeIgniter\CodeIgniter->run()
#9 D:\xampp\htdocs\eRanjen\system\Commands\Server\rewrite.php(43): require_once('D:\\xampp\\htdocs...')
#10 {main}
