ERROR - 2022-02-14 10:12:23 --> Unknown column 'user_nama' in 'where clause'
CRITICAL - 2022-02-14 10:12:23 --> Call to a member function getRow() on bool
#0 D:\xampp\htdocs\eRanjen\system\CodeIgniter.php(825): App\Controllers\Auth->loginProcess()
#1 D:\xampp\htdocs\eRanjen\system\CodeIgniter.php(412): CodeIgniter\CodeIgniter->runController(Object(App\Controllers\Auth))
#2 D:\xampp\htdocs\eRanjen\system\CodeIgniter.php(320): CodeIgniter\CodeIgniter->handleRequest(NULL, Object(Config\Cache), false)
#3 D:\xampp\htdocs\eRanjen\public\index.php(37): CodeIgniter\CodeIgniter->run()
#4 D:\xampp\htdocs\eRanjen\system\Commands\Server\rewrite.php(43): require_once('D:\\xampp\\htdocs...')
#5 {main}
ERROR - 2022-02-14 11:58:19 --> Table 'jti_bbmranrolog.tb_product' doesn't exist
CRITICAL - 2022-02-14 11:58:19 --> Call to a member function getRow() on bool
#0 D:\xampp\htdocs\eRanjen\system\CodeIgniter.php(825): App\Controllers\Auth->loginProcess()
#1 D:\xampp\htdocs\eRanjen\system\CodeIgniter.php(412): CodeIgniter\CodeIgniter->runController(Object(App\Controllers\Auth))
#2 D:\xampp\htdocs\eRanjen\system\CodeIgniter.php(320): CodeIgniter\CodeIgniter->handleRequest(NULL, Object(Config\Cache), false)
#3 D:\xampp\htdocs\eRanjen\public\index.php(37): CodeIgniter\CodeIgniter->run()
#4 D:\xampp\htdocs\eRanjen\system\Commands\Server\rewrite.php(43): require_once('D:\\xampp\\htdocs...')
#5 {main}
CRITICAL - 2022-02-14 12:02:51 --> Undefined array key "name"
#0 D:\xampp\htdocs\eRanjen\app\Views\view_user.php(31): CodeIgniter\Debug\Exceptions->errorHandler(2, 'Undefined array...', 'D:\\xampp\\htdocs...', 31)
#1 D:\xampp\htdocs\eRanjen\system\View\View.php(210): include('D:\\xampp\\htdocs...')
#2 D:\xampp\htdocs\eRanjen\system\View\View.php(213): CodeIgniter\View\View->CodeIgniter\View\{closure}()
#3 D:\xampp\htdocs\eRanjen\system\Common.php(1089): CodeIgniter\View\View->render('view_user', Array, true)
#4 D:\xampp\htdocs\eRanjen\app\Controllers\User.php(19): view('view_user', Array)
#5 D:\xampp\htdocs\eRanjen\system\CodeIgniter.php(825): App\Controllers\User->index()
#6 D:\xampp\htdocs\eRanjen\system\CodeIgniter.php(412): CodeIgniter\CodeIgniter->runController(Object(App\Controllers\User))
#7 D:\xampp\htdocs\eRanjen\system\CodeIgniter.php(320): CodeIgniter\CodeIgniter->handleRequest(NULL, Object(Config\Cache), false)
#8 D:\xampp\htdocs\eRanjen\public\index.php(37): CodeIgniter\CodeIgniter->run()
#9 D:\xampp\htdocs\eRanjen\system\Commands\Server\rewrite.php(43): require_once('D:\\xampp\\htdocs...')
#10 {main}
CRITICAL - 2022-02-14 12:07:01 --> Undefined array key "name"
#0 D:\xampp\htdocs\eRanjen\app\Views\view_user.php(31): CodeIgniter\Debug\Exceptions->errorHandler(2, 'Undefined array...', 'D:\\xampp\\htdocs...', 31)
#1 D:\xampp\htdocs\eRanjen\system\View\View.php(210): include('D:\\xampp\\htdocs...')
#2 D:\xampp\htdocs\eRanjen\system\View\View.php(213): CodeIgniter\View\View->CodeIgniter\View\{closure}()
#3 D:\xampp\htdocs\eRanjen\system\Common.php(1089): CodeIgniter\View\View->render('view_user', Array, true)
#4 D:\xampp\htdocs\eRanjen\app\Controllers\User.php(19): view('view_user', Array)
#5 D:\xampp\htdocs\eRanjen\system\CodeIgniter.php(825): App\Controllers\User->index()
#6 D:\xampp\htdocs\eRanjen\system\CodeIgniter.php(412): CodeIgniter\CodeIgniter->runController(Object(App\Controllers\User))
#7 D:\xampp\htdocs\eRanjen\system\CodeIgniter.php(320): CodeIgniter\CodeIgniter->handleRequest(NULL, Object(Config\Cache), false)
#8 D:\xampp\htdocs\eRanjen\public\index.php(37): CodeIgniter\CodeIgniter->run()
#9 D:\xampp\htdocs\eRanjen\system\Commands\Server\rewrite.php(43): require_once('D:\\xampp\\htdocs...')
#10 {main}
CRITICAL - 2022-02-14 12:16:56 --> Class "App\Controllers\User_model" not found
#0 D:\xampp\htdocs\eRanjen\system\CodeIgniter.php(825): App\Controllers\User->add()
#1 D:\xampp\htdocs\eRanjen\system\CodeIgniter.php(412): CodeIgniter\CodeIgniter->runController(Object(App\Controllers\User))
#2 D:\xampp\htdocs\eRanjen\system\CodeIgniter.php(320): CodeIgniter\CodeIgniter->handleRequest(NULL, Object(Config\Cache), false)
#3 D:\xampp\htdocs\eRanjen\public\index.php(37): CodeIgniter\CodeIgniter->run()
#4 D:\xampp\htdocs\eRanjen\system\Commands\Server\rewrite.php(43): require_once('D:\\xampp\\htdocs...')
#5 {main}
CRITICAL - 2022-02-14 12:33:41 --> Undefined variable $groupsbbm
#0 D:\xampp\htdocs\eRanjen\app\Views\view_user.php(146): CodeIgniter\Debug\Exceptions->errorHandler(2, 'Undefined varia...', 'D:\\xampp\\htdocs...', 146)
#1 D:\xampp\htdocs\eRanjen\system\View\View.php(210): include('D:\\xampp\\htdocs...')
#2 D:\xampp\htdocs\eRanjen\system\View\View.php(213): CodeIgniter\View\View->CodeIgniter\View\{closure}()
#3 D:\xampp\htdocs\eRanjen\system\Common.php(1089): CodeIgniter\View\View->render('view_user', Array, true)
#4 D:\xampp\htdocs\eRanjen\app\Controllers\User.php(19): view('view_user', Array)
#5 D:\xampp\htdocs\eRanjen\system\CodeIgniter.php(825): App\Controllers\User->index()
#6 D:\xampp\htdocs\eRanjen\system\CodeIgniter.php(412): CodeIgniter\CodeIgniter->runController(Object(App\Controllers\User))
#7 D:\xampp\htdocs\eRanjen\system\CodeIgniter.php(320): CodeIgniter\CodeIgniter->handleRequest(NULL, Object(Config\Cache), false)
#8 D:\xampp\htdocs\eRanjen\public\index.php(37): CodeIgniter\CodeIgniter->run()
#9 D:\xampp\htdocs\eRanjen\system\Commands\Server\rewrite.php(43): require_once('D:\\xampp\\htdocs...')
#10 {main}
CRITICAL - 2022-02-14 12:34:08 --> Undefined variable $groupsbbm
#0 D:\xampp\htdocs\eRanjen\app\Views\view_user.php(146): CodeIgniter\Debug\Exceptions->errorHandler(2, 'Undefined varia...', 'D:\\xampp\\htdocs...', 146)
#1 D:\xampp\htdocs\eRanjen\system\View\View.php(210): include('D:\\xampp\\htdocs...')
#2 D:\xampp\htdocs\eRanjen\system\View\View.php(213): CodeIgniter\View\View->CodeIgniter\View\{closure}()
#3 D:\xampp\htdocs\eRanjen\system\Common.php(1089): CodeIgniter\View\View->render('view_user', Array, true)
#4 D:\xampp\htdocs\eRanjen\app\Controllers\User.php(19): view('view_user', Array)
#5 D:\xampp\htdocs\eRanjen\system\CodeIgniter.php(825): App\Controllers\User->index()
#6 D:\xampp\htdocs\eRanjen\system\CodeIgniter.php(412): CodeIgniter\CodeIgniter->runController(Object(App\Controllers\User))
#7 D:\xampp\htdocs\eRanjen\system\CodeIgniter.php(320): CodeIgniter\CodeIgniter->handleRequest(NULL, Object(Config\Cache), false)
#8 D:\xampp\htdocs\eRanjen\public\index.php(37): CodeIgniter\CodeIgniter->run()
#9 D:\xampp\htdocs\eRanjen\system\Commands\Server\rewrite.php(43): require_once('D:\\xampp\\htdocs...')
#10 {main}
CRITICAL - 2022-02-14 12:42:12 --> syntax error, unexpected token "=="
#0 D:\xampp\htdocs\eRanjen\system\View\View.php(213): CodeIgniter\View\View->CodeIgniter\View\{closure}()
#1 D:\xampp\htdocs\eRanjen\system\Common.php(1089): CodeIgniter\View\View->render('view_user', Array, true)
#2 D:\xampp\htdocs\eRanjen\app\Controllers\User.php(19): view('view_user', Array)
#3 D:\xampp\htdocs\eRanjen\system\CodeIgniter.php(825): App\Controllers\User->index()
#4 D:\xampp\htdocs\eRanjen\system\CodeIgniter.php(412): CodeIgniter\CodeIgniter->runController(Object(App\Controllers\User))
#5 D:\xampp\htdocs\eRanjen\system\CodeIgniter.php(320): CodeIgniter\CodeIgniter->handleRequest(NULL, Object(Config\Cache), false)
#6 D:\xampp\htdocs\eRanjen\public\index.php(37): CodeIgniter\CodeIgniter->run()
#7 D:\xampp\htdocs\eRanjen\system\Commands\Server\rewrite.php(43): require_once('D:\\xampp\\htdocs...')
#8 {main}
ERROR - 2022-02-14 12:45:32 --> Unknown column 'user_password' in 'field list'
CRITICAL - 2022-02-14 12:56:36 --> Undefined variable $data
#0 D:\xampp\htdocs\eRanjen\app\Controllers\AlokasiBBM.php(10): CodeIgniter\Debug\Exceptions->errorHandler(2, 'Undefined varia...', 'D:\\xampp\\htdocs...', 10)
#1 D:\xampp\htdocs\eRanjen\system\CodeIgniter.php(825): App\Controllers\AlokasiBBM->index()
#2 D:\xampp\htdocs\eRanjen\system\CodeIgniter.php(412): CodeIgniter\CodeIgniter->runController(Object(App\Controllers\AlokasiBBM))
#3 D:\xampp\htdocs\eRanjen\system\CodeIgniter.php(320): CodeIgniter\CodeIgniter->handleRequest(NULL, Object(Config\Cache), false)
#4 D:\xampp\htdocs\eRanjen\public\index.php(37): CodeIgniter\CodeIgniter->run()
#5 D:\xampp\htdocs\eRanjen\system\Commands\Server\rewrite.php(43): require_once('D:\\xampp\\htdocs...')
#6 {main}
CRITICAL - 2022-02-14 13:57:18 --> You must set the database table to be used with your query.
#0 D:\xampp\htdocs\eRanjen\system\Model.php(545): CodeIgniter\Database\BaseConnection->table(NULL)
#1 D:\xampp\htdocs\eRanjen\system\Model.php(722): CodeIgniter\Model->builder()
#2 D:\xampp\htdocs\eRanjen\app\Controllers\AlokasiBBM.php(11): CodeIgniter\Model->__call('tampil_spbu', Array)
#3 D:\xampp\htdocs\eRanjen\system\CodeIgniter.php(825): App\Controllers\AlokasiBBM->index()
#4 D:\xampp\htdocs\eRanjen\system\CodeIgniter.php(412): CodeIgniter\CodeIgniter->runController(Object(App\Controllers\AlokasiBBM))
#5 D:\xampp\htdocs\eRanjen\system\CodeIgniter.php(320): CodeIgniter\CodeIgniter->handleRequest(NULL, Object(Config\Cache), false)
#6 D:\xampp\htdocs\eRanjen\public\index.php(37): CodeIgniter\CodeIgniter->run()
#7 D:\xampp\htdocs\eRanjen\system\Commands\Server\rewrite.php(43): require_once('D:\\xampp\\htdocs...')
#8 {main}
CRITICAL - 2022-02-14 13:58:26 --> Undefined variable $getSPBU
#0 D:\xampp\htdocs\eRanjen\app\Views\view_alokasi_bbm.php(29): CodeIgniter\Debug\Exceptions->errorHandler(2, 'Undefined varia...', 'D:\\xampp\\htdocs...', 29)
#1 D:\xampp\htdocs\eRanjen\system\View\View.php(210): include('D:\\xampp\\htdocs...')
#2 D:\xampp\htdocs\eRanjen\system\View\View.php(213): CodeIgniter\View\View->CodeIgniter\View\{closure}()
#3 D:\xampp\htdocs\eRanjen\system\Common.php(1089): CodeIgniter\View\View->render('view_alokasi_bb...', Array, true)
#4 D:\xampp\htdocs\eRanjen\app\Controllers\AlokasiBBM.php(15): view('view_alokasi_bb...', Array)
#5 D:\xampp\htdocs\eRanjen\system\CodeIgniter.php(825): App\Controllers\AlokasiBBM->index()
#6 D:\xampp\htdocs\eRanjen\system\CodeIgniter.php(412): CodeIgniter\CodeIgniter->runController(Object(App\Controllers\AlokasiBBM))
#7 D:\xampp\htdocs\eRanjen\system\CodeIgniter.php(320): CodeIgniter\CodeIgniter->handleRequest(NULL, Object(Config\Cache), false)
#8 D:\xampp\htdocs\eRanjen\public\index.php(37): CodeIgniter\CodeIgniter->run()
#9 D:\xampp\htdocs\eRanjen\system\Commands\Server\rewrite.php(43): require_once('D:\\xampp\\htdocs...')
#10 {main}
CRITICAL - 2022-02-14 14:00:06 --> Undefined array key "ran_id_bbm "
#0 D:\xampp\htdocs\eRanjen\app\Views\view_alokasi_bbm.php(30): CodeIgniter\Debug\Exceptions->errorHandler(2, 'Undefined array...', 'D:\\xampp\\htdocs...', 30)
#1 D:\xampp\htdocs\eRanjen\system\View\View.php(210): include('D:\\xampp\\htdocs...')
#2 D:\xampp\htdocs\eRanjen\system\View\View.php(213): CodeIgniter\View\View->CodeIgniter\View\{closure}()
#3 D:\xampp\htdocs\eRanjen\system\Common.php(1089): CodeIgniter\View\View->render('view_alokasi_bb...', Array, true)
#4 D:\xampp\htdocs\eRanjen\app\Controllers\AlokasiBBM.php(15): view('view_alokasi_bb...', Array)
#5 D:\xampp\htdocs\eRanjen\system\CodeIgniter.php(825): App\Controllers\AlokasiBBM->index()
#6 D:\xampp\htdocs\eRanjen\system\CodeIgniter.php(412): CodeIgniter\CodeIgniter->runController(Object(App\Controllers\AlokasiBBM))
#7 D:\xampp\htdocs\eRanjen\system\CodeIgniter.php(320): CodeIgniter\CodeIgniter->handleRequest(NULL, Object(Config\Cache), false)
#8 D:\xampp\htdocs\eRanjen\public\index.php(37): CodeIgniter\CodeIgniter->run()
#9 D:\xampp\htdocs\eRanjen\system\Commands\Server\rewrite.php(43): require_once('D:\\xampp\\htdocs...')
#10 {main}
CRITICAL - 2022-02-14 14:00:06 --> Undefined array key "ran_id_bbm "
#0 D:\xampp\htdocs\eRanjen\app\Views\view_alokasi_bbm.php(30): CodeIgniter\Debug\Exceptions->errorHandler(2, 'Undefined array...', 'D:\\xampp\\htdocs...', 30)
#1 D:\xampp\htdocs\eRanjen\system\View\View.php(210): include('D:\\xampp\\htdocs...')
#2 D:\xampp\htdocs\eRanjen\system\View\View.php(213): CodeIgniter\View\View->CodeIgniter\View\{closure}()
#3 D:\xampp\htdocs\eRanjen\system\Common.php(1089): CodeIgniter\View\View->render('view_alokasi_bb...', Array, true)
#4 D:\xampp\htdocs\eRanjen\app\Controllers\AlokasiBBM.php(15): view('view_alokasi_bb...', Array)
#5 D:\xampp\htdocs\eRanjen\system\CodeIgniter.php(825): App\Controllers\AlokasiBBM->index()
#6 D:\xampp\htdocs\eRanjen\system\CodeIgniter.php(412): CodeIgniter\CodeIgniter->runController(Object(App\Controllers\AlokasiBBM))
#7 D:\xampp\htdocs\eRanjen\system\CodeIgniter.php(320): CodeIgniter\CodeIgniter->handleRequest(NULL, Object(Config\Cache), false)
#8 D:\xampp\htdocs\eRanjen\public\index.php(37): CodeIgniter\CodeIgniter->run()
#9 D:\xampp\htdocs\eRanjen\system\Commands\Server\rewrite.php(43): require_once('D:\\xampp\\htdocs...')
#10 {main}
CRITICAL - 2022-02-14 14:00:07 --> Undefined array key "ran_id_bbm "
#0 D:\xampp\htdocs\eRanjen\app\Views\view_alokasi_bbm.php(30): CodeIgniter\Debug\Exceptions->errorHandler(2, 'Undefined array...', 'D:\\xampp\\htdocs...', 30)
#1 D:\xampp\htdocs\eRanjen\system\View\View.php(210): include('D:\\xampp\\htdocs...')
#2 D:\xampp\htdocs\eRanjen\system\View\View.php(213): CodeIgniter\View\View->CodeIgniter\View\{closure}()
#3 D:\xampp\htdocs\eRanjen\system\Common.php(1089): CodeIgniter\View\View->render('view_alokasi_bb...', Array, true)
#4 D:\xampp\htdocs\eRanjen\app\Controllers\AlokasiBBM.php(15): view('view_alokasi_bb...', Array)
#5 D:\xampp\htdocs\eRanjen\system\CodeIgniter.php(825): App\Controllers\AlokasiBBM->index()
#6 D:\xampp\htdocs\eRanjen\system\CodeIgniter.php(412): CodeIgniter\CodeIgniter->runController(Object(App\Controllers\AlokasiBBM))
#7 D:\xampp\htdocs\eRanjen\system\CodeIgniter.php(320): CodeIgniter\CodeIgniter->handleRequest(NULL, Object(Config\Cache), false)
#8 D:\xampp\htdocs\eRanjen\public\index.php(37): CodeIgniter\CodeIgniter->run()
#9 D:\xampp\htdocs\eRanjen\system\Commands\Server\rewrite.php(43): require_once('D:\\xampp\\htdocs...')
#10 {main}
CRITICAL - 2022-02-14 14:00:07 --> Undefined array key "ran_id_bbm "
#0 D:\xampp\htdocs\eRanjen\app\Views\view_alokasi_bbm.php(30): CodeIgniter\Debug\Exceptions->errorHandler(2, 'Undefined array...', 'D:\\xampp\\htdocs...', 30)
#1 D:\xampp\htdocs\eRanjen\system\View\View.php(210): include('D:\\xampp\\htdocs...')
#2 D:\xampp\htdocs\eRanjen\system\View\View.php(213): CodeIgniter\View\View->CodeIgniter\View\{closure}()
#3 D:\xampp\htdocs\eRanjen\system\Common.php(1089): CodeIgniter\View\View->render('view_alokasi_bb...', Array, true)
#4 D:\xampp\htdocs\eRanjen\app\Controllers\AlokasiBBM.php(15): view('view_alokasi_bb...', Array)
#5 D:\xampp\htdocs\eRanjen\system\CodeIgniter.php(825): App\Controllers\AlokasiBBM->index()
#6 D:\xampp\htdocs\eRanjen\system\CodeIgniter.php(412): CodeIgniter\CodeIgniter->runController(Object(App\Controllers\AlokasiBBM))
#7 D:\xampp\htdocs\eRanjen\system\CodeIgniter.php(320): CodeIgniter\CodeIgniter->handleRequest(NULL, Object(Config\Cache), false)
#8 D:\xampp\htdocs\eRanjen\public\index.php(37): CodeIgniter\CodeIgniter->run()
#9 D:\xampp\htdocs\eRanjen\system\Commands\Server\rewrite.php(43): require_once('D:\\xampp\\htdocs...')
#10 {main}
ERROR - 2022-02-14 14:50:22 --> Column 'logak_user' cannot be null
CRITICAL - 2022-02-14 14:59:21 --> Call to undefined function App\Controllers\get_client_ip()
#0 D:\xampp\htdocs\eRanjen\system\CodeIgniter.php(825): App\Controllers\Auth->loginProcess()
#1 D:\xampp\htdocs\eRanjen\system\CodeIgniter.php(412): CodeIgniter\CodeIgniter->runController(Object(App\Controllers\Auth))
#2 D:\xampp\htdocs\eRanjen\system\CodeIgniter.php(320): CodeIgniter\CodeIgniter->handleRequest(NULL, Object(Config\Cache), false)
#3 D:\xampp\htdocs\eRanjen\public\index.php(37): CodeIgniter\CodeIgniter->run()
#4 D:\xampp\htdocs\eRanjen\system\Commands\Server\rewrite.php(43): require_once('D:\\xampp\\htdocs...')
#5 {main}
CRITICAL - 2022-02-14 15:01:41 --> Call to undefined method App\Controllers\Auth::ip_address()
#0 D:\xampp\htdocs\eRanjen\system\CodeIgniter.php(825): App\Controllers\Auth->loginProcess()
#1 D:\xampp\htdocs\eRanjen\system\CodeIgniter.php(412): CodeIgniter\CodeIgniter->runController(Object(App\Controllers\Auth))
#2 D:\xampp\htdocs\eRanjen\system\CodeIgniter.php(320): CodeIgniter\CodeIgniter->handleRequest(NULL, Object(Config\Cache), false)
#3 D:\xampp\htdocs\eRanjen\public\index.php(37): CodeIgniter\CodeIgniter->run()
#4 D:\xampp\htdocs\eRanjen\system\Commands\Server\rewrite.php(43): require_once('D:\\xampp\\htdocs...')
#5 {main}
