CRITICAL - 2022-03-10 14:37:20 --> Undefined array key "spbu_id"
#0 D:\xampp\htdocs\eRanjen\app\Views\view_laporansatker.php(71): CodeIgniter\Debug\Exceptions->errorHandler(2, 'Undefined array...', 'D:\\xampp\\htdocs...', 71)
#1 D:\xampp\htdocs\eRanjen\system\View\View.php(210): include('D:\\xampp\\htdocs...')
#2 D:\xampp\htdocs\eRanjen\system\View\View.php(213): CodeIgniter\View\View->CodeIgniter\View\{closure}()
#3 D:\xampp\htdocs\eRanjen\system\Common.php(1089): CodeIgniter\View\View->render('view_laporansat...', Array, true)
#4 D:\xampp\htdocs\eRanjen\app\Controllers\LaporanSatker.php(35): view('view_laporansat...', Array)
#5 D:\xampp\htdocs\eRanjen\system\CodeIgniter.php(825): App\Controllers\LaporanSatker->index()
#6 D:\xampp\htdocs\eRanjen\system\CodeIgniter.php(412): CodeIgniter\CodeIgniter->runController(Object(App\Controllers\LaporanSatker))
#7 D:\xampp\htdocs\eRanjen\system\CodeIgniter.php(320): CodeIgniter\CodeIgniter->handleRequest(NULL, Object(Config\Cache), false)
#8 D:\xampp\htdocs\eRanjen\public\index.php(37): CodeIgniter\CodeIgniter->run()
#9 {main}
ERROR - 2022-03-10 14:46:37 --> Error connecting to the database: No connection could be made because the target machine actively refused it
CRITICAL - 2022-03-10 14:46:37 --> Unable to connect to the database.
Main connection [MySQLi]: No connection could be made because the target machine actively refused it
#0 D:\xampp\htdocs\eRanjen\system\Database\BaseConnection.php(577): CodeIgniter\Database\BaseConnection->initialize()
#1 D:\xampp\htdocs\eRanjen\system\Database\BaseBuilder.php(1455): CodeIgniter\Database\BaseConnection->query('SELECT *\nFROM `...', Array, false)
#2 D:\xampp\htdocs\eRanjen\app\Models\LaporanSatkerModel.php(60): CodeIgniter\Database\BaseBuilder->get()
#3 D:\xampp\htdocs\eRanjen\app\Controllers\LaporanSatker.php(15): App\Models\LaporanSatkerModel->tampil_bbm()
#4 D:\xampp\htdocs\eRanjen\system\CodeIgniter.php(825): App\Controllers\LaporanSatker->index()
#5 D:\xampp\htdocs\eRanjen\system\CodeIgniter.php(412): CodeIgniter\CodeIgniter->runController(Object(App\Controllers\LaporanSatker))
#6 D:\xampp\htdocs\eRanjen\system\CodeIgniter.php(320): CodeIgniter\CodeIgniter->handleRequest(NULL, Object(Config\Cache), false)
#7 D:\xampp\htdocs\eRanjen\public\index.php(37): CodeIgniter\CodeIgniter->run()
#8 {main}
