ERROR - 2022-02-09 04:52:26 --> Unknown column 'updated_at' in 'field list'
CRITICAL - 2022-02-09 05:37:12 --> syntax error, unexpected identifier "login", expecting ")"
#0 D:\xampp\htdocs\RanjenWEB\system\Router\Router.php(175): CodeIgniter\Router\Router->autoRoute('auth/register')
#1 D:\xampp\htdocs\RanjenWEB\system\CodeIgniter.php(719): CodeIgniter\Router\Router->handle('auth/register')
#2 D:\xampp\htdocs\RanjenWEB\system\CodeIgniter.php(361): CodeIgniter\CodeIgniter->tryToRouteIt(Object(CodeIgniter\Router\RouteCollection))
#3 D:\xampp\htdocs\RanjenWEB\system\CodeIgniter.php(320): CodeIgniter\CodeIgniter->handleRequest(NULL, Object(Config\Cache), false)
#4 D:\xampp\htdocs\RanjenWEB\public\index.php(37): CodeIgniter\CodeIgniter->run()
#5 D:\xampp\htdocs\RanjenWEB\system\Commands\Server\rewrite.php(43): require_once('D:\\xampp\\htdocs...')
#6 {main}
CRITICAL - 2022-02-09 05:37:31 --> syntax error, unexpected token "}", expecting ";"
#0 D:\xampp\htdocs\RanjenWEB\system\Router\Router.php(175): CodeIgniter\Router\Router->autoRoute('auth/register')
#1 D:\xampp\htdocs\RanjenWEB\system\CodeIgniter.php(719): CodeIgniter\Router\Router->handle('auth/register')
#2 D:\xampp\htdocs\RanjenWEB\system\CodeIgniter.php(361): CodeIgniter\CodeIgniter->tryToRouteIt(Object(CodeIgniter\Router\RouteCollection))
#3 D:\xampp\htdocs\RanjenWEB\system\CodeIgniter.php(320): CodeIgniter\CodeIgniter->handleRequest(NULL, Object(Config\Cache), false)
#4 D:\xampp\htdocs\RanjenWEB\public\index.php(37): CodeIgniter\CodeIgniter->run()
#5 D:\xampp\htdocs\RanjenWEB\system\Commands\Server\rewrite.php(43): require_once('D:\\xampp\\htdocs...')
#6 {main}
CRITICAL - 2022-02-09 05:57:15 --> Undefined property: App\Controllers\Auth::$db
#0 D:\xampp\htdocs\RanjenWEB\app\Controllers\Auth.php(20): CodeIgniter\Debug\Exceptions->errorHandler(2, 'Undefined prope...', 'D:\\xampp\\htdocs...', 20)
#1 D:\xampp\htdocs\RanjenWEB\system\CodeIgniter.php(825): App\Controllers\Auth->loginProcess()
#2 D:\xampp\htdocs\RanjenWEB\system\CodeIgniter.php(412): CodeIgniter\CodeIgniter->runController(Object(App\Controllers\Auth))
#3 D:\xampp\htdocs\RanjenWEB\system\CodeIgniter.php(320): CodeIgniter\CodeIgniter->handleRequest(NULL, Object(Config\Cache), false)
#4 D:\xampp\htdocs\RanjenWEB\public\index.php(37): CodeIgniter\CodeIgniter->run()
#5 D:\xampp\htdocs\RanjenWEB\system\Commands\Server\rewrite.php(43): require_once('D:\\xampp\\htdocs...')
#6 {main}
CRITICAL - 2022-02-09 06:01:30 --> Undefined property: App\Controllers\Auth::$userModel
#0 D:\xampp\htdocs\RanjenWEB\app\Controllers\Auth.php(21): CodeIgniter\Debug\Exceptions->errorHandler(2, 'Undefined prope...', 'D:\\xampp\\htdocs...', 21)
#1 D:\xampp\htdocs\RanjenWEB\system\CodeIgniter.php(825): App\Controllers\Auth->loginProcess()
#2 D:\xampp\htdocs\RanjenWEB\system\CodeIgniter.php(412): CodeIgniter\CodeIgniter->runController(Object(App\Controllers\Auth))
#3 D:\xampp\htdocs\RanjenWEB\system\CodeIgniter.php(320): CodeIgniter\CodeIgniter->handleRequest(NULL, Object(Config\Cache), false)
#4 D:\xampp\htdocs\RanjenWEB\public\index.php(37): CodeIgniter\CodeIgniter->run()
#5 D:\xampp\htdocs\RanjenWEB\system\Commands\Server\rewrite.php(43): require_once('D:\\xampp\\htdocs...')
#6 {main}
CRITICAL - 2022-02-09 06:02:04 --> Undefined property: stdClass::$password_user
#0 D:\xampp\htdocs\RanjenWEB\app\Controllers\Auth.php(32): CodeIgniter\Debug\Exceptions->errorHandler(2, 'Undefined prope...', 'D:\\xampp\\htdocs...', 32)
#1 D:\xampp\htdocs\RanjenWEB\system\CodeIgniter.php(825): App\Controllers\Auth->loginProcess()
#2 D:\xampp\htdocs\RanjenWEB\system\CodeIgniter.php(412): CodeIgniter\CodeIgniter->runController(Object(App\Controllers\Auth))
#3 D:\xampp\htdocs\RanjenWEB\system\CodeIgniter.php(320): CodeIgniter\CodeIgniter->handleRequest(NULL, Object(Config\Cache), false)
#4 D:\xampp\htdocs\RanjenWEB\public\index.php(37): CodeIgniter\CodeIgniter->run()
#5 D:\xampp\htdocs\RanjenWEB\system\Commands\Server\rewrite.php(43): require_once('D:\\xampp\\htdocs...')
#6 {main}
CRITICAL - 2022-02-09 06:25:00 --> Attempt to read property "password" on array
#0 D:\xampp\htdocs\RanjenWEB\app\Controllers\Auth.php(31): CodeIgniter\Debug\Exceptions->errorHandler(2, 'Attempt to read...', 'D:\\xampp\\htdocs...', 31)
#1 D:\xampp\htdocs\RanjenWEB\system\CodeIgniter.php(825): App\Controllers\Auth->loginProcess()
#2 D:\xampp\htdocs\RanjenWEB\system\CodeIgniter.php(412): CodeIgniter\CodeIgniter->runController(Object(App\Controllers\Auth))
#3 D:\xampp\htdocs\RanjenWEB\system\CodeIgniter.php(320): CodeIgniter\CodeIgniter->handleRequest(NULL, Object(Config\Cache), false)
#4 D:\xampp\htdocs\RanjenWEB\public\index.php(37): CodeIgniter\CodeIgniter->run()
#5 D:\xampp\htdocs\RanjenWEB\system\Commands\Server\rewrite.php(43): require_once('D:\\xampp\\htdocs...')
#6 {main}
CRITICAL - 2022-02-09 06:32:45 --> Unclosed '{' on line 32 does not match ')'
#0 D:\xampp\htdocs\RanjenWEB\system\Autoloader\Autoloader.php(241): CodeIgniter\Autoloader\Autoloader->includeFile('D:\\xampp\\htdocs...')
#1 D:\xampp\htdocs\RanjenWEB\system\Autoloader\Autoloader.php(219): CodeIgniter\Autoloader\Autoloader->loadInNamespace('App\\Controllers...')
#2 [internal function]: CodeIgniter\Autoloader\Autoloader->loadClass('App\\Controllers...')
#3 D:\xampp\htdocs\RanjenWEB\system\CodeIgniter.php(790): class_exists('\\App\\Controller...', true)
#4 D:\xampp\htdocs\RanjenWEB\system\CodeIgniter.php(399): CodeIgniter\CodeIgniter->startController()
#5 D:\xampp\htdocs\RanjenWEB\system\CodeIgniter.php(320): CodeIgniter\CodeIgniter->handleRequest(NULL, Object(Config\Cache), false)
#6 D:\xampp\htdocs\RanjenWEB\public\index.php(37): CodeIgniter\CodeIgniter->run()
#7 D:\xampp\htdocs\RanjenWEB\system\Commands\Server\rewrite.php(43): require_once('D:\\xampp\\htdocs...')
#8 {main}
CRITICAL - 2022-02-09 06:33:22 -->  route cannot be found while reverse-routing.
#0 D:\xampp\htdocs\RanjenWEB\system\HTTP\RedirectResponse.php(56): CodeIgniter\HTTP\Exceptions\HTTPException::forInvalidRedirectRoute('')
#1 D:\xampp\htdocs\RanjenWEB\system\Common.php(832): CodeIgniter\HTTP\RedirectResponse->route(false)
#2 D:\xampp\htdocs\RanjenWEB\app\Controllers\Auth.php(36): redirect('Dashboard')
#3 D:\xampp\htdocs\RanjenWEB\system\CodeIgniter.php(825): App\Controllers\Auth->loginProcess()
#4 D:\xampp\htdocs\RanjenWEB\system\CodeIgniter.php(412): CodeIgniter\CodeIgniter->runController(Object(App\Controllers\Auth))
#5 D:\xampp\htdocs\RanjenWEB\system\CodeIgniter.php(320): CodeIgniter\CodeIgniter->handleRequest(NULL, Object(Config\Cache), false)
#6 D:\xampp\htdocs\RanjenWEB\public\index.php(37): CodeIgniter\CodeIgniter->run()
#7 D:\xampp\htdocs\RanjenWEB\system\Commands\Server\rewrite.php(43): require_once('D:\\xampp\\htdocs...')
#8 {main}
CRITICAL - 2022-02-09 06:33:49 --> Unclosed '{' on line 32 does not match ')'
#0 D:\xampp\htdocs\RanjenWEB\system\Router\Router.php(175): CodeIgniter\Router\Router->autoRoute('auth/loginProce...')
#1 D:\xampp\htdocs\RanjenWEB\system\CodeIgniter.php(719): CodeIgniter\Router\Router->handle('auth/loginProce...')
#2 D:\xampp\htdocs\RanjenWEB\system\CodeIgniter.php(361): CodeIgniter\CodeIgniter->tryToRouteIt(Object(CodeIgniter\Router\RouteCollection))
#3 D:\xampp\htdocs\RanjenWEB\system\CodeIgniter.php(320): CodeIgniter\CodeIgniter->handleRequest(NULL, Object(Config\Cache), false)
#4 D:\xampp\htdocs\RanjenWEB\public\index.php(37): CodeIgniter\CodeIgniter->run()
#5 D:\xampp\htdocs\RanjenWEB\system\Commands\Server\rewrite.php(43): require_once('D:\\xampp\\htdocs...')
#6 {main}
CRITICAL - 2022-02-09 06:55:07 --> Undefined array key "username"
#0 D:\xampp\htdocs\RanjenWEB\app\Controllers\Auth.php(29): CodeIgniter\Debug\Exceptions->errorHandler(2, 'Undefined array...', 'D:\\xampp\\htdocs...', 29)
#1 D:\xampp\htdocs\RanjenWEB\system\CodeIgniter.php(825): App\Controllers\Auth->loginProcess()
#2 D:\xampp\htdocs\RanjenWEB\system\CodeIgniter.php(412): CodeIgniter\CodeIgniter->runController(Object(App\Controllers\Auth))
#3 D:\xampp\htdocs\RanjenWEB\system\CodeIgniter.php(320): CodeIgniter\CodeIgniter->handleRequest(NULL, Object(Config\Cache), false)
#4 D:\xampp\htdocs\RanjenWEB\public\index.php(37): CodeIgniter\CodeIgniter->run()
#5 D:\xampp\htdocs\RanjenWEB\system\Commands\Server\rewrite.php(43): require_once('D:\\xampp\\htdocs...')
#6 {main}
CRITICAL - 2022-02-09 06:55:45 --> Call to undefined method App\Models\UserModel::getRow
#0 D:\xampp\htdocs\RanjenWEB\app\Controllers\Auth.php(30): CodeIgniter\Model->__call('getRow', Array)
#1 D:\xampp\htdocs\RanjenWEB\system\CodeIgniter.php(825): App\Controllers\Auth->loginProcess()
#2 D:\xampp\htdocs\RanjenWEB\system\CodeIgniter.php(412): CodeIgniter\CodeIgniter->runController(Object(App\Controllers\Auth))
#3 D:\xampp\htdocs\RanjenWEB\system\CodeIgniter.php(320): CodeIgniter\CodeIgniter->handleRequest(NULL, Object(Config\Cache), false)
#4 D:\xampp\htdocs\RanjenWEB\public\index.php(37): CodeIgniter\CodeIgniter->run()
#5 D:\xampp\htdocs\RanjenWEB\system\Commands\Server\rewrite.php(43): require_once('D:\\xampp\\htdocs...')
#6 {main}
CRITICAL - 2022-02-09 06:56:09 --> Undefined array key "username"
#0 D:\xampp\htdocs\RanjenWEB\app\Controllers\Auth.php(29): CodeIgniter\Debug\Exceptions->errorHandler(2, 'Undefined array...', 'D:\\xampp\\htdocs...', 29)
#1 D:\xampp\htdocs\RanjenWEB\system\CodeIgniter.php(825): App\Controllers\Auth->loginProcess()
#2 D:\xampp\htdocs\RanjenWEB\system\CodeIgniter.php(412): CodeIgniter\CodeIgniter->runController(Object(App\Controllers\Auth))
#3 D:\xampp\htdocs\RanjenWEB\system\CodeIgniter.php(320): CodeIgniter\CodeIgniter->handleRequest(NULL, Object(Config\Cache), false)
#4 D:\xampp\htdocs\RanjenWEB\public\index.php(37): CodeIgniter\CodeIgniter->run()
#5 D:\xampp\htdocs\RanjenWEB\system\Commands\Server\rewrite.php(43): require_once('D:\\xampp\\htdocs...')
#6 {main}
CRITICAL - 2022-02-09 06:56:49 --> Undefined array key "username"
#0 D:\xampp\htdocs\RanjenWEB\app\Controllers\Auth.php(30): CodeIgniter\Debug\Exceptions->errorHandler(2, 'Undefined array...', 'D:\\xampp\\htdocs...', 30)
#1 D:\xampp\htdocs\RanjenWEB\system\CodeIgniter.php(825): App\Controllers\Auth->loginProcess()
#2 D:\xampp\htdocs\RanjenWEB\system\CodeIgniter.php(412): CodeIgniter\CodeIgniter->runController(Object(App\Controllers\Auth))
#3 D:\xampp\htdocs\RanjenWEB\system\CodeIgniter.php(320): CodeIgniter\CodeIgniter->handleRequest(NULL, Object(Config\Cache), false)
#4 D:\xampp\htdocs\RanjenWEB\public\index.php(37): CodeIgniter\CodeIgniter->run()
#5 D:\xampp\htdocs\RanjenWEB\system\Commands\Server\rewrite.php(43): require_once('D:\\xampp\\htdocs...')
#6 {main}
CRITICAL - 2022-02-09 07:01:40 --> syntax error, unexpected double-quoted string "<script>alert('Password Tidak ...", expecting ":"
#0 D:\xampp\htdocs\RanjenWEB\system\Autoloader\Autoloader.php(241): CodeIgniter\Autoloader\Autoloader->includeFile('D:\\xampp\\htdocs...')
#1 D:\xampp\htdocs\RanjenWEB\system\Autoloader\Autoloader.php(219): CodeIgniter\Autoloader\Autoloader->loadInNamespace('App\\Controllers...')
#2 [internal function]: CodeIgniter\Autoloader\Autoloader->loadClass('App\\Controllers...')
#3 D:\xampp\htdocs\RanjenWEB\system\CodeIgniter.php(790): class_exists('\\App\\Controller...', true)
#4 D:\xampp\htdocs\RanjenWEB\system\CodeIgniter.php(399): CodeIgniter\CodeIgniter->startController()
#5 D:\xampp\htdocs\RanjenWEB\system\CodeIgniter.php(320): CodeIgniter\CodeIgniter->handleRequest(NULL, Object(Config\Cache), false)
#6 D:\xampp\htdocs\RanjenWEB\public\index.php(37): CodeIgniter\CodeIgniter->run()
#7 D:\xampp\htdocs\RanjenWEB\system\Commands\Server\rewrite.php(43): require_once('D:\\xampp\\htdocs...')
#8 {main}
CRITICAL - 2022-02-09 07:01:41 --> syntax error, unexpected double-quoted string "<script>alert('Password Tidak ...", expecting ":"
#0 D:\xampp\htdocs\RanjenWEB\system\Autoloader\Autoloader.php(241): CodeIgniter\Autoloader\Autoloader->includeFile('D:\\xampp\\htdocs...')
#1 D:\xampp\htdocs\RanjenWEB\system\Autoloader\Autoloader.php(219): CodeIgniter\Autoloader\Autoloader->loadInNamespace('App\\Controllers...')
#2 [internal function]: CodeIgniter\Autoloader\Autoloader->loadClass('App\\Controllers...')
#3 D:\xampp\htdocs\RanjenWEB\system\CodeIgniter.php(790): class_exists('\\App\\Controller...', true)
#4 D:\xampp\htdocs\RanjenWEB\system\CodeIgniter.php(399): CodeIgniter\CodeIgniter->startController()
#5 D:\xampp\htdocs\RanjenWEB\system\CodeIgniter.php(320): CodeIgniter\CodeIgniter->handleRequest(NULL, Object(Config\Cache), false)
#6 D:\xampp\htdocs\RanjenWEB\public\index.php(37): CodeIgniter\CodeIgniter->run()
#7 D:\xampp\htdocs\RanjenWEB\system\Commands\Server\rewrite.php(43): require_once('D:\\xampp\\htdocs...')
#8 {main}
